d:\labs\myfirewall\firewall\firewall\ndisfilterdriver\x64\win8release\ndisfilterdriver.inf
d:\labs\myfirewall\firewall\firewall\ndisfilterdriver\x64\win8release\ndisfilterdriver.pch
d:\labs\myfirewall\firewall\firewall\ndisfilterdriver\x64\win8release\vc120.pdb
d:\labs\myfirewall\firewall\firewall\ndisfilterdriver\x64\win8release\precomp.obj
d:\labs\myfirewall\firewall\firewall\ndisfilterdriver\x64\win8release\flt_dbg.obj
d:\labs\myfirewall\firewall\firewall\ndisfilterdriver\x64\win8release\device.obj
d:\labs\myfirewall\firewall\firewall\ndisfilterdriver\x64\win8release\filter.obj
d:\labs\myfirewall\firewall\firewall\x64\win8release\ndisfilterdriver.sys
d:\labs\myfirewall\firewall\firewall\x64\win8release\ndisfilterdriver.pdb
d:\labs\myfirewall\firewall\firewall\ndisfilterdriver\x64\win8release\filter.res
d:\labs\myfirewall\firewall\firewall\x64\win8release\ndisfilterdriver.inf
d:\labs\myfirewall\firewall\firewall\ndisfilterdriver\x64\win8release\stampinf.command.1.tlog
d:\labs\myfirewall\firewall\firewall\ndisfilterdriver\x64\win8release\stampinf.read.1.tlog
d:\labs\myfirewall\firewall\firewall\ndisfilterdriver\x64\win8release\stampinf.write.1.tlog
d:\labs\myfirewall\firewall\firewall\ndisfilterdriver\x64\win8release\ndisfilterdriver.tlog\cl.command.1.tlog
d:\labs\myfirewall\firewall\firewall\ndisfilterdriver\x64\win8release\ndisfilterdriver.tlog\cl.read.1.tlog
d:\labs\myfirewall\firewall\firewall\ndisfilterdriver\x64\win8release\ndisfilterdriver.tlog\cl.write.1.tlog
d:\labs\myfirewall\firewall\firewall\ndisfilterdriver\x64\win8release\ndisfilterdriver.tlog\link.command.1.tlog
d:\labs\myfirewall\firewall\firewall\ndisfilterdriver\x64\win8release\ndisfilterdriver.tlog\link.read.1.tlog
d:\labs\myfirewall\firewall\firewall\ndisfilterdriver\x64\win8release\ndisfilterdriver.tlog\link.write.1.tlog
d:\labs\myfirewall\firewall\firewall\ndisfilterdriver\x64\win8release\ndisfilterdriver.tlog\rc.command.1.tlog
d:\labs\myfirewall\firewall\firewall\ndisfilterdriver\x64\win8release\ndisfilterdriver.tlog\rc.read.1.tlog
d:\labs\myfirewall\firewall\firewall\ndisfilterdriver\x64\win8release\ndisfilterdriver.tlog\rc.write.1.tlog
