Build started 15.12.2013 13:16:47.
Overriding target "GetFrameworkPaths" in project "C:\Program Files (x86)\MSBuild\12.0\bin\Microsoft.Common.CurrentVersion.targets" with target "GetFrameworkPaths" from project "C:\Program Files (x86)\MSBuild\12.0\bin\Microsoft.NetFramework.CurrentVersion.targets".
Overriding target "SatelliteDllsProjectOutputGroup" in project "C:\Program Files (x86)\MSBuild\12.0\bin\Microsoft.Common.CurrentVersion.targets" with target "SatelliteDllsProjectOutputGroup" from project "C:\Windows\Microsoft.NET\Framework\v4.0.30319\Microsoft.WinFx.targets".
Overriding target "GenerateTargetFrameworkMonikerAttribute" in project "C:\Program Files (x86)\MSBuild\12.0\bin\Microsoft.Common.CurrentVersion.targets" with target "GenerateTargetFrameworkMonikerAttribute" from project "C:\Program Files (x86)\MSBuild\Microsoft.Cpp\v4.0\V120\Microsoft.BuildSteps.Targets".
Overriding target "Build" in project "C:\Program Files (x86)\MSBuild\12.0\bin\Microsoft.Common.CurrentVersion.targets" with target "Build" from project "C:\Program Files (x86)\MSBuild\Microsoft.Cpp\v4.0\V120\Microsoft.BuildSteps.Targets".
Overriding target "Rebuild" in project "C:\Program Files (x86)\MSBuild\12.0\bin\Microsoft.Common.CurrentVersion.targets" with target "Rebuild" from project "C:\Program Files (x86)\MSBuild\Microsoft.Cpp\v4.0\V120\Microsoft.BuildSteps.Targets".
Overriding target "AfterBuild" in project "C:\Program Files (x86)\MSBuild\12.0\bin\Microsoft.Common.CurrentVersion.targets" with target "AfterBuild" from project "C:\Program Files (x86)\MSBuild\Microsoft.Cpp\v4.0\V120\Microsoft.BuildSteps.Targets".
Overriding target "PrepareForBuild" in project "C:\Program Files (x86)\MSBuild\12.0\bin\Microsoft.Common.CurrentVersion.targets" with target "PrepareForBuild" from project "C:\Program Files (x86)\MSBuild\Microsoft.Cpp\v4.0\V120\Microsoft.CppBuild.targets".
Overriding target "GetTargetPath" in project "C:\Program Files (x86)\MSBuild\12.0\bin\Microsoft.Common.CurrentVersion.targets" with target "GetTargetPath" from project "C:\Program Files (x86)\MSBuild\Microsoft.Cpp\v4.0\V120\Microsoft.CppBuild.targets".
Overriding target "ComputeIntermediateSatelliteAssemblies" in project "C:\Program Files (x86)\MSBuild\12.0\bin\Microsoft.Common.CurrentVersion.targets" with target "ComputeIntermediateSatelliteAssemblies" from project "C:\Program Files (x86)\MSBuild\Microsoft.Cpp\v4.0\V120\Microsoft.CppBuild.targets".
Overriding target "ClCompile" in project "C:\Program Files (x86)\MSBuild\Microsoft.Cpp\v4.0\V120\Microsoft.CppBuild.targets" with target "ClCompile" from project "C:\Program Files (x86)\MSBuild\Microsoft.Cpp\v4.0\V120\Microsoft.CppBuild.targets".
Overriding target "ResourceCompile" in project "C:\Program Files (x86)\MSBuild\Microsoft.Cpp\v4.0\V120\Microsoft.CppBuild.targets" with target "ResourceCompile" from project "C:\Program Files (x86)\MSBuild\Microsoft.Cpp\v4.0\V120\Microsoft.CppBuild.targets".
Overriding target "Lib" in project "C:\Program Files (x86)\MSBuild\Microsoft.Cpp\v4.0\V120\Microsoft.CppBuild.targets" with target "Lib" from project "C:\Program Files (x86)\MSBuild\Microsoft.Cpp\v4.0\V120\Microsoft.CppBuild.targets".
Overriding target "Link" in project "C:\Program Files (x86)\MSBuild\Microsoft.Cpp\v4.0\V120\Microsoft.CppBuild.targets" with target "Link" from project "C:\Program Files (x86)\MSBuild\Microsoft.Cpp\v4.0\V120\Microsoft.CppBuild.targets".
Overriding target "AllProjectOutputGroups" in project "C:\Program Files (x86)\MSBuild\12.0\bin\Microsoft.Common.CurrentVersion.targets" with target "AllProjectOutputGroups" from project "C:\Program Files (x86)\MSBuild\Microsoft.Cpp\v4.0\V120\Microsoft.CppBuild.targets".
Overriding target "BuiltProjectOutputGroup" in project "C:\Program Files (x86)\MSBuild\12.0\bin\Microsoft.Common.CurrentVersion.targets" with target "BuiltProjectOutputGroup" from project "C:\Program Files (x86)\MSBuild\Microsoft.Cpp\v4.0\V120\Microsoft.CppBuild.targets".
Overriding target "DebugSymbolsProjectOutputGroup" in project "C:\Program Files (x86)\MSBuild\12.0\bin\Microsoft.Common.CurrentVersion.targets" with target "DebugSymbolsProjectOutputGroup" from project "C:\Program Files (x86)\MSBuild\Microsoft.Cpp\v4.0\V120\Microsoft.CppBuild.targets".
Overriding target "DocumentationProjectOutputGroup" in project "C:\Program Files (x86)\MSBuild\12.0\bin\Microsoft.Common.CurrentVersion.targets" with target "DocumentationProjectOutputGroup" from project "C:\Program Files (x86)\MSBuild\Microsoft.Cpp\v4.0\V120\Microsoft.CppBuild.targets".
Overriding target "SourceFilesProjectOutputGroup" in project "C:\Program Files (x86)\MSBuild\12.0\bin\Microsoft.Common.CurrentVersion.targets" with target "SourceFilesProjectOutputGroup" from project "C:\Program Files (x86)\MSBuild\Microsoft.Cpp\v4.0\V120\Microsoft.CppBuild.targets".
Overriding target "ContentFilesProjectOutputGroup" in project "C:\Program Files (x86)\MSBuild\12.0\bin\Microsoft.Common.CurrentVersion.targets" with target "ContentFilesProjectOutputGroup" from project "C:\Program Files (x86)\MSBuild\Microsoft.Cpp\v4.0\V120\Microsoft.CppBuild.targets".
Overriding target "AllProjectOutputGroupsDependencies" in project "C:\Program Files (x86)\MSBuild\12.0\bin\Microsoft.Common.CurrentVersion.targets" with target "AllProjectOutputGroupsDependencies" from project "C:\Program Files (x86)\MSBuild\Microsoft.Cpp\v4.0\V120\Microsoft.CppBuild.targets".
Overriding target "BuiltProjectOutputGroupDependencies" in project "C:\Program Files (x86)\MSBuild\12.0\bin\Microsoft.Common.CurrentVersion.targets" with target "BuiltProjectOutputGroupDependencies" from project "C:\Program Files (x86)\MSBuild\Microsoft.Cpp\v4.0\V120\Microsoft.CppBuild.targets".
Overriding target "DebugSymbolsProjectOutputGroupDependencies" in project "C:\Program Files (x86)\MSBuild\12.0\bin\Microsoft.Common.CurrentVersion.targets" with target "DebugSymbolsProjectOutputGroupDependencies" from project "C:\Program Files (x86)\MSBuild\Microsoft.Cpp\v4.0\V120\Microsoft.CppBuild.targets".
Overriding target "DocumentationProjectOutputGroupDependencies" in project "C:\Program Files (x86)\MSBuild\12.0\bin\Microsoft.Common.CurrentVersion.targets" with target "DocumentationProjectOutputGroupDependencies" from project "C:\Program Files (x86)\MSBuild\Microsoft.Cpp\v4.0\V120\Microsoft.CppBuild.targets".
Overriding target "PreBuildEvent" in project "C:\Program Files (x86)\MSBuild\12.0\bin\Microsoft.Common.CurrentVersion.targets" with target "PreBuildEvent" from project "C:\Program Files (x86)\MSBuild\Microsoft.Cpp\v4.0\V120\Microsoft.CppCommon.targets".
Overriding target "PostBuildEvent" in project "C:\Program Files (x86)\MSBuild\12.0\bin\Microsoft.Common.CurrentVersion.targets" with target "PostBuildEvent" from project "C:\Program Files (x86)\MSBuild\Microsoft.Cpp\v4.0\V120\Microsoft.CppCommon.targets".
Overriding target "ClCompile" in project "C:\Program Files (x86)\MSBuild\Microsoft.Cpp\v4.0\V120\Microsoft.CppBuild.targets" with target "ClCompile" from project "C:\Program Files (x86)\MSBuild\Microsoft.Cpp\v4.0\V120\Microsoft.CppCommon.targets".
Overriding target "Link" in project "C:\Program Files (x86)\MSBuild\Microsoft.Cpp\v4.0\V120\Microsoft.CppBuild.targets" with target "Link" from project "C:\Program Files (x86)\MSBuild\Microsoft.Cpp\v4.0\V120\Microsoft.CppCommon.targets".
Overriding target "Lib" in project "C:\Program Files (x86)\MSBuild\Microsoft.Cpp\v4.0\V120\Microsoft.CppBuild.targets" with target "Lib" from project "C:\Program Files (x86)\MSBuild\Microsoft.Cpp\v4.0\V120\Microsoft.CppCommon.targets".
Overriding target "ImpLib" in project "C:\Program Files (x86)\MSBuild\Microsoft.Cpp\v4.0\V120\Microsoft.CppBuild.targets" with target "ImpLib" from project "C:\Program Files (x86)\MSBuild\Microsoft.Cpp\v4.0\V120\Microsoft.CppCommon.targets".
Overriding target "Midl" in project "C:\Program Files (x86)\MSBuild\Microsoft.Cpp\v4.0\V120\Microsoft.CppBuild.targets" with target "Midl" from project "C:\Program Files (x86)\MSBuild\Microsoft.Cpp\v4.0\V120\Microsoft.CppCommon.targets".
Overriding target "ResourceCompile" in project "C:\Program Files (x86)\MSBuild\Microsoft.Cpp\v4.0\V120\Microsoft.CppBuild.targets" with target "ResourceCompile" from project "C:\Program Files (x86)\MSBuild\Microsoft.Cpp\v4.0\V120\Microsoft.CppCommon.targets".
Overriding target "BeforeResGen" in project "C:\Program Files (x86)\MSBuild\12.0\bin\Microsoft.Common.CurrentVersion.targets" with target "BeforeResGen" from project "C:\Program Files (x86)\MSBuild\Microsoft.Cpp\v4.0\V120\Microsoft.CppCommon.targets".
Overriding target "ResGen" in project "C:\Program Files (x86)\MSBuild\12.0\bin\Microsoft.Common.CurrentVersion.targets" with target "ResGen" from project "C:\Program Files (x86)\MSBuild\Microsoft.Cpp\v4.0\V120\Microsoft.CppCommon.targets".
Overriding target "GenerateSatelliteAssemblies" in project "C:\Program Files (x86)\MSBuild\12.0\bin\Microsoft.Common.CurrentVersion.targets" with target "GenerateSatelliteAssemblies" from project "C:\Program Files (x86)\MSBuild\Microsoft.Cpp\v4.0\V120\Microsoft.CppCommon.targets".
Overriding target "Manifest" in project "C:\Program Files (x86)\MSBuild\Microsoft.Cpp\v4.0\V120\Microsoft.CppBuild.targets" with target "Manifest" from project "C:\Program Files (x86)\MSBuild\Microsoft.Cpp\v4.0\V120\Microsoft.CppCommon.targets".
Overriding target "XdcMake" in project "C:\Program Files (x86)\MSBuild\Microsoft.Cpp\v4.0\V120\Microsoft.CppBuild.targets" with target "XdcMake" from project "C:\Program Files (x86)\MSBuild\Microsoft.Cpp\v4.0\V120\Microsoft.CppCommon.targets".
Overriding target "BscMake" in project "C:\Program Files (x86)\MSBuild\Microsoft.Cpp\v4.0\V120\Microsoft.CppBuild.targets" with target "BscMake" from project "C:\Program Files (x86)\MSBuild\Microsoft.Cpp\v4.0\V120\Microsoft.CppCommon.targets".
Overriding target "ComputeMetaGenInputs" in project "C:\Program Files (x86)\MSBuild\Microsoft.Cpp\v4.0\V120\Microsoft.MetaGen.targets" with target "ComputeMetaGenInputs" from project "C:\Program Files (x86)\MSBuild\Microsoft.Cpp\v4.0\V120\Microsoft.CppCommon.targets".
Overriding target "GetNativeManifest" in project "C:\Program Files (x86)\MSBuild\12.0\bin\Microsoft.Common.CurrentVersion.targets" with target "GetNativeManifest" from project "C:\Program Files (x86)\MSBuild\Microsoft.Cpp\v4.0\V120\Microsoft.CppCommon.targets".
Project "D:\labs\myFirewall\Firewall\Firewall\NDISFilterDriver\NDISFilterDriver.vcxproj" on node 1 (build target(s)).
Building with tools version "12.0".
Project file contains ToolsVersion="4.0". This toolset may be unknown or missing, in which case you may be able to resolve this by installing the appropriate version of MSBuild, or the build may have been forced to a particular ToolsVersion for policy reasons. Treating the project as if it had ToolsVersion="12.0". For more information, please see http://go.microsoft.com/fwlink/?LinkId=293424.
Target "_CheckForInvalidConfigurationAndPlatform" in file "C:\Program Files (x86)\MSBuild\12.0\bin\Microsoft.Common.CurrentVersion.targets" from project "D:\labs\myFirewall\Firewall\Firewall\NDISFilterDriver\NDISFilterDriver.vcxproj" (entry point):
Task "Error" skipped, due to false condition; ( '$(_InvalidConfigurationError)' == 'true' ) was evaluated as ( '' == 'true' ).
Task "Warning" skipped, due to false condition; ( '$(_InvalidConfigurationWarning)' == 'true' ) was evaluated as ( '' == 'true' ).
Using "Message" task from assembly "Microsoft.Build.Tasks.v12.0, Version=12.0.0.0, Culture=neutral, PublicKeyToken=b03f5f7f11d50a3a".
Task "Message"
  Configuration=Win8 Release
Done executing task "Message".
Task "Message"
  Platform=x64
Done executing task "Message".
Task "Error" skipped, due to false condition; ('$(OutDir)' != '' and !HasTrailingSlash('$(OutDir)')) was evaluated as ('D:\labs\myFirewall\Firewall\Firewall\NDISFilterDriver\x64\Win8Release\' != '' and !HasTrailingSlash('D:\labs\myFirewall\Firewall\Firewall\NDISFilterDriver\x64\Win8Release\')).
Task "Error" skipped, due to false condition; ('$(BaseIntermediateOutputPath)' != '' and !HasTrailingSlash('$(BaseIntermediateOutputPath)')) was evaluated as ('obj\' != '' and !HasTrailingSlash('obj\')).
Task "Error" skipped, due to false condition; ('$(IntermediateOutputPath)' != '' and !HasTrailingSlash('$(IntermediateOutputPath)')) was evaluated as ('x64\Win8Release\' != '' and !HasTrailingSlash('x64\Win8Release\')).
Done building target "_CheckForInvalidConfigurationAndPlatform" in project "NDISFilterDriver.vcxproj".
Target "_PrepareForBuild" in file "C:\Program Files (x86)\MSBuild\Microsoft.Cpp\v4.0\V120\Microsoft.BuildSteps.Targets" from project "D:\labs\myFirewall\Firewall\Firewall\NDISFilterDriver\NDISFilterDriver.vcxproj" (target "Build" depends on it):
Task "CreateItem" skipped, due to false condition; ('%(CustomBuild.IncludeFileToTool)'!='') was evaluated as (''!='').
Done building target "_PrepareForBuild" in project "NDISFilterDriver.vcxproj".
Target "_PrepareForReferenceResolution" in file "C:\Program Files (x86)\MSBuild\Microsoft.Cpp\v4.0\V120\Microsoft.CppBuild.targets" from project "D:\labs\myFirewall\Firewall\Firewall\NDISFilterDriver\NDISFilterDriver.vcxproj" (target "ResolveReferences" depends on it):
Task "Message" skipped, due to false condition; ('$(_REFERENCE_DEBUG)'=='true') was evaluated as (''=='true').
Done building target "_PrepareForReferenceResolution" in project "NDISFilterDriver.vcxproj".
Target "ComputeCrtSDKReference" skipped, due to false condition; ('@(ClCompile)'!='' and '$(WindowsAppContainer)'=='true' and '$(UseCrtSDKReference)' != 'false') was evaluated as ('precomp.c;filter.c;device.c;flt_dbg.c'!='' and 'false'=='true' and '' != 'false').
Target "BeforeResolveReferences" in file "C:\Program Files (x86)\MSBuild\12.0\bin\Microsoft.Common.CurrentVersion.targets" from project "D:\labs\myFirewall\Firewall\Firewall\NDISFilterDriver\NDISFilterDriver.vcxproj" (target "ResolveReferences" depends on it):
Done building target "BeforeResolveReferences" in project "NDISFilterDriver.vcxproj".
Target "AssignProjectConfiguration" skipped, due to false condition; ('$(CurrentSolutionConfigurationContents)' != '' or '@(ProjectReference)'!='') was evaluated as ('' != '' or ''!='').
Target "AssignProjectConfiguration" skipped, due to false condition; ('$(CurrentSolutionConfigurationContents)' != '' or '@(ProjectReference)'!='') was evaluated as ('' != '' or ''!='').
Target "_SplitProjectReferencesByFileExistence" in file "C:\Program Files (x86)\MSBuild\12.0\bin\Microsoft.Common.CurrentVersion.targets" from project "D:\labs\myFirewall\Firewall\Firewall\NDISFilterDriver\NDISFilterDriver.vcxproj" (target "ResolveProjectReferences" depends on it):
Task "ResolveNonMSBuildProjectOutput" skipped, due to false condition; ('$(BuildingInsideVisualStudio)'=='true' and '@(ProjectReferenceWithConfiguration)'!='') was evaluated as (''=='true' and ''!='').
Done building target "_SplitProjectReferencesByFileExistence" in project "NDISFilterDriver.vcxproj".
Target "_RemoveNameMetadataFromProjectReferenceItems" skipped, due to false condition; ('@(ProjectReference)'!='') was evaluated as (''!='').
Target "ResolveProjectReferences" in file "C:\Program Files (x86)\MSBuild\12.0\bin\Microsoft.Common.CurrentVersion.targets" from project "D:\labs\myFirewall\Firewall\Firewall\NDISFilterDriver\NDISFilterDriver.vcxproj" (target "ResolveReferences" depends on it):
Task "MSBuild" skipped, due to false condition; ('%(_MSBuildProjectReferenceExistent.BuildReference)' == 'true' and '@(ProjectReferenceWithConfiguration)' != '' and ('$(BuildingInsideVisualStudio)' == 'true' or '$(BuildProjectReferences)' != 'true') and '$(VisualStudioVersion)' != '10.0' and '@(_MSBuildProjectReferenceExistent)' != '') was evaluated as ('' == 'true' and '' != '' and ('' == 'true' or 'false' != 'true') and '12.0' != '10.0' and '' != '').
Task "MSBuild" skipped, due to false condition; ('%(_MSBuildProjectReferenceExistent.BuildReference)' == 'true' and '@(ProjectReferenceWithConfiguration)' != '' and ('$(BuildingInsideVisualStudio)' == 'true' or '$(BuildProjectReferences)' != 'true') and '$(VisualStudioVersion)' == '10.0' and '@(_MSBuildProjectReferenceExistent)' != '') was evaluated as ('' == 'true' and '' != '' and ('' == 'true' or 'false' != 'true') and '12.0' == '10.0' and '' != '').
Task "MSBuild" skipped, due to false condition; ('%(_MSBuildProjectReferenceExistent.BuildReference)' == 'true' and '@(ProjectReferenceWithConfiguration)' != '' and '$(BuildingInsideVisualStudio)' != 'true' and '$(BuildProjectReferences)' == 'true' and '@(_MSBuildProjectReferenceExistent)' != '') was evaluated as ('' == 'true' and '' != '' and '' != 'true' and 'false' == 'true' and '' != '').
Task "MSBuild" skipped, due to false condition; ('%(_MSBuildProjectReferenceExistent.BuildReference)' == 'true' and '@(ProjectReferenceWithConfiguration)' != '' and '$(BuildingProject)' == 'true' and '@(_MSBuildProjectReferenceExistent)' != '') was evaluated as ('' == 'true' and '' != '' and 'true' == 'true' and '' != '').
Task "Warning" skipped, due to false condition; ('@(ProjectReferenceWithConfiguration)' != '' and '@(_MSBuildProjectReferenceNonexistent)' != '') was evaluated as ('' != '' and '' != '').
Done building target "ResolveProjectReferences" in project "NDISFilterDriver.vcxproj".
Target "FindInvalidProjectReferences" skipped, due to false condition; ('$(FindInvalidProjectReferences)' == 'true') was evaluated as ('' == 'true').
Target "ResolveNativeReferences" skipped, due to false condition; ('@(NativeReference)'!='') was evaluated as (''!='').
Target "_PrepareForReferenceResolution" skipped. Previously built successfully.
Target "GetFrameworkPaths" in file "C:\Program Files (x86)\MSBuild\12.0\bin\Microsoft.NetFramework.CurrentVersion.targets" from project "D:\labs\myFirewall\Firewall\Firewall\NDISFilterDriver\NDISFilterDriver.vcxproj" (target "ResolveAssemblyReferences" depends on it):
Done building target "GetFrameworkPaths" in project "NDISFilterDriver.vcxproj".
Target "GetWinFXPath" skipped, due to false condition; (('@(Page)' != '' or '@(ApplicationDefinition)' != '' or '@(Resource)' != '') and ('$(GetWinFXNativePath)' != '' or '$(GetWinFXWoWPath)' != '' )) was evaluated as (('' != '' or '' != '' or '' != '') and ('' != '' or '' != '' )).
Target "GetReferenceAssemblyPaths" in file "C:\Program Files (x86)\MSBuild\12.0\bin\Microsoft.Common.CurrentVersion.targets" from project "D:\labs\myFirewall\Firewall\Firewall\NDISFilterDriver\NDISFilterDriver.vcxproj" (target "ResolveAssemblyReferences" depends on it):
Task "GetReferenceAssemblyPaths" skipped, due to false condition; ('$(TargetFrameworkMoniker)' != '' and ('$(_TargetFrameworkDirectories)' == '' or '$(_FullFrameworkReferenceAssemblyPaths)' == '')) was evaluated as ('' != '' and ('C:\Program Files (x86)\Reference Assemblies\Microsoft\Framework\.NETFramework\v4.0' == '' or 'C:\Program Files (x86)\Reference Assemblies\Microsoft\Framework\.NETFramework\v4.0' == '')).
Done building target "GetReferenceAssemblyPaths" in project "NDISFilterDriver.vcxproj".
Target "SetDriverVariables" in file "C:\Program Files (x86)\Windows Kits\8.1\build\WindowsDriver.common.targets" from project "D:\labs\myFirewall\Firewall\Firewall\NDISFilterDriver\NDISFilterDriver.vcxproj" (target "SetBuildDefaultEnvironmentVariables" depends on it):
Done building target "SetDriverVariables" in project "NDISFilterDriver.vcxproj".
Target "SetBuildDefaultEnvironmentVariables" in file "C:\Program Files (x86)\MSBuild\Microsoft.Cpp\v4.0\V120\Microsoft.Cpp.targets" from project "D:\labs\myFirewall\Firewall\Firewall\NDISFilterDriver\NDISFilterDriver.vcxproj" (target "PrepareForBuild" depends on it):
Using "SetEnv" task from assembly "C:\Program Files (x86)\MSBuild\Microsoft.Cpp\v4.0\V120\Microsoft.Build.CppTasks.Common.dll".
Task "SetEnv"
  PATH=C:\Program Files (x86)\Microsoft Visual Studio 12.0\VC\bin\x86_amd64;C:\Program Files (x86)\Microsoft Visual Studio 12.0\VC\bin;C:\Program Files (x86)\Windows Kits\8.1\bin\x86;;C:\Program Files (x86)\Microsoft SDKs\Windows\v8.1A\bin\NETFX 4.5.1 Tools;C:\Program Files (x86)\Microsoft Visual Studio 12.0\Common7\Tools\bin;C:\Program Files (x86)\Microsoft Visual Studio 12.0\Common7\tools;C:\Program Files (x86)\Microsoft Visual Studio 12.0\Common7\ide;C:\Program Files (x86)\HTML Help Workshop;;C:\Program Files (x86)\MSBuild\12.0\bin\;C:\Windows\Microsoft.NET\Framework\v4.0.30319\;;C:\Program Files (x86)\Windows Kits\8.1\TOOLS\SDV\bin;C:\Program Files (x86)\Windows Kits\8.1\TOOLS\SDV\bin;C:\Program Files (x86)\Microsoft Visual Studio 12.0\Common7\IDE\CommonExtensions\Microsoft\TestWindow;C:\Program Files (x86)\Microsoft SDKs\F#\3.1\Framework\v4.0\;C:\Program Files (x86)\MSBuild\12.0\bin;C:\Program Files (x86)\MSBuild\12.0\bin;C:\Program Files (x86)\Microsoft Visual Studio 12.0\Common7\IDE\;C:\Program Files (x86)\Microsoft Visual Studio 12.0\VC\BIN;C:\Program Files (x86)\Microsoft Visual Studio 12.0\Common7\Tools;C:\Windows\Microsoft.NET\Framework\v4.0.30319;C:\Program Files (x86)\Microsoft Visual Studio 12.0\VC\VCPackages;C:\Program Files (x86)\HTML Help Workshop;C:\Program Files (x86)\HTML Help Workshop;C:\Program Files (x86)\Microsoft Visual Studio 12.0\Team Tools\Performance Tools;C:\Program Files (x86)\Windows Kits\8.1\bin\x86;C:\Program Files (x86)\Microsoft SDKs\Windows\v8.1A\bin\NETFX 4.5.1 Tools\;C:\Program Files (x86)\Microsoft Visual Studio 12.0\Common7\IDE\CommonExtensions\Microsoft\TeamFoundation\Team Explorer\NativeBinaries/x86;C:\Program Files\Far Manager\ConEmu;C:\Program Files\Far Manager;C:\Program Files (x86)\NVIDIA Corporation\PhysX\Common;C:\Program Files (x86)\Intel\iCLS Client\;C:\Program Files\Intel\iCLS Client\;C:\Windows\system32;C:\Windows;C:\Windows\System32\Wbem;C:\Windows\System32\WindowsPowerShell\v1.0\;C:\Program Files (x86)\Windows Kits\8.1\Windows Performance Toolkit\;C:\Program Files\Microsoft SQL Server\110\Tools\Binn\;C:\Program Files\Intel\Intel(R) Management Engine Components\DAL;C:\Program Files\Intel\Intel(R) Management Engine Components\IPT;C:\Program Files (x86)\Intel\Intel(R) Management Engine Components\DAL;C:\Program Files (x86)\Intel\Intel(R) Management Engine Components\IPT;C:\Program Files\Microsoft SQL Server\110\DTS\Binn\;C:\Program Files (x86)\Microsoft SQL Server\110\Tools\Binn\;C:\Program Files (x86)\Microsoft SQL Server\110\Tools\Binn\ManagementStudio\;C:\Program Files (x86)\Microsoft Visual Studio 10.0\Common7\IDE\PrivateAssemblies\;C:\Program Files (x86)\Microsoft SQL Server\110\DTS\Binn\;C:\Program Files\Microsoft\Web Platform Installer\;C:\Program Files (x86)\Microsoft ASP.NET\ASP.NET Web Pages\v1.0\;C:\Program Files (x86)\Git\cmd;.;;.;;;C:\Program Files (x86)\Windows Kits\8.1\bin\x86;C:\Program Files (x86)\Windows Kits\8.1\tools\tracing\x64
Done executing task "SetEnv".
Task "SetEnv"
  LIB=C:\Program Files (x86)\Windows Kits\8.1\lib\win8\KM\x64;C:\Program Files (x86)\Microsoft Visual Studio 12.0\VC\lib\amd64;C:\Program Files (x86)\Microsoft Visual Studio 12.0\VC\atlmfc\lib\amd64;C:\Program Files (x86)\Windows Kits\8.1\lib\winv6.3\um\x64;;
Done executing task "SetEnv".
Task "SetEnv"
  LIBPATH=C:\Program Files (x86)\Microsoft Visual Studio 12.0\VC\atlmfc\lib\amd64;C:\Program Files (x86)\Microsoft Visual Studio 12.0\VC\lib\amd64;
Done executing task "SetEnv".
Task "SetEnv"
  INCLUDE=D:\labs\myFirewall\Firewall\Firewall\NDISFilterDriver\;C:\Program Files (x86)\Windows Kits\8.1\Include\km\crt;C:\Program Files (x86)\Windows Kits\8.1\Include\KM;C:\Program Files (x86)\Windows Kits\8.1\Include\shared
Done executing task "SetEnv".
Done building target "SetBuildDefaultEnvironmentVariables" in project "NDISFilterDriver.vcxproj".
Target "SetUserMacroEnvironmentVariables" skipped, due to false condition; ('@(BuildMacro)' != '') was evaluated as ('' != '').
Target "GetResolvedWinMD" in file "C:\Program Files (x86)\MSBuild\Microsoft.Cpp\v4.0\V120\Microsoft.CppBuild.targets" from project "D:\labs\myFirewall\Firewall\Firewall\NDISFilterDriver\NDISFilterDriver.vcxproj" (target "PrepareForBuild" depends on it):
Done building target "GetResolvedWinMD" in project "NDISFilterDriver.vcxproj".
Target "PlatformPrepareForBuild" in file "C:\Program Files (x86)\MSBuild\Microsoft.Cpp\v4.0\V120\Microsoft.Cpp.Platform.targets" from project "D:\labs\myFirewall\Firewall\Firewall\NDISFilterDriver\NDISFilterDriver.vcxproj" (target "PrepareForBuild" depends on it):
Task "VCMessage" skipped, due to false condition; ('$(_Error64bitToolsNotInstalled)' == 'true') was evaluated as ('' == 'true').
Task "VCMessage" skipped, due to false condition; ('$(ConfigurationPlatformExists)' != 'true') was evaluated as ('true' != 'true').
Task "VCMessage" skipped, due to false condition; ('$(ToolsetTargetsFound)' != 'true') was evaluated as ('true' != 'true').
Done building target "PlatformPrepareForBuild" in project "NDISFilterDriver.vcxproj".
Target "GetFrameworkPaths" skipped. Previously built successfully.
Target "GetReferenceAssemblyPaths" skipped. Previously built successfully.
Target "SetCABuildNativeEnvironmentVariables" in file "C:\Program Files (x86)\MSBuild\Microsoft\VisualStudio\v12.0\CodeAnalysis\Microsoft.CodeAnalysis.targets" from project "D:\labs\myFirewall\Firewall\Firewall\NDISFilterDriver\NDISFilterDriver.vcxproj" (target "PrepareForBuild" depends on it):
Initializing task factory "CodeTaskFactory" from assembly "C:\Program Files (x86)\MSBuild\12.0\bin\Microsoft.Build.Tasks.v12.0.dll".
Using "SetEnvironmentVariable" task from the task factory "Code Task Factory".
Task "SetEnvironmentVariable"
Done executing task "SetEnvironmentVariable".
Done building target "SetCABuildNativeEnvironmentVariables" in project "NDISFilterDriver.vcxproj".
Target "ValidateDriverProperties" in file "C:\Program Files (x86)\Windows Kits\8.1\build\WindowsDriver.common.targets" from project "D:\labs\myFirewall\Firewall\Firewall\NDISFilterDriver\NDISFilterDriver.vcxproj" (target "PrepareForBuild" depends on it):
Task "Error" skipped, due to false condition; ('$(UnknownTargetVersion)' == 'true') was evaluated as ('' == 'true').
Task "Warning" skipped, due to false condition; ('$(NotSupportedForCurrentOS)' == 'true') was evaluated as ('' == 'true').
Task "Error" skipped, due to false condition; ('$(UnknownArchitecture)' == 'true') was evaluated as ('' == 'true').
Task "Error" skipped, due to false condition; ('$(MidlTargetMismatch)' == 'true') was evaluated as ('' == 'true').
Task "Error" skipped, due to false condition; ('$(UnknownKmdfVersion)' == 'true') was evaluated as ('' == 'true').
Task "Error" skipped, due to false condition; ('$(UnknownUmdfVersion)' == 'true') was evaluated as ('' == 'true').
Task "Error" skipped, due to false condition; ('$(UnknownSpbVersion)' == 'true') was evaluated as ('' == 'true').
Done building target "ValidateDriverProperties" in project "NDISFilterDriver.vcxproj".
Target "PrepareForBuild" in file "C:\Program Files (x86)\MSBuild\Microsoft.Cpp\v4.0\V120\Microsoft.CppBuild.targets" from project "D:\labs\myFirewall\Firewall\Firewall\NDISFilterDriver\NDISFilterDriver.vcxproj" (target "ResolveAssemblyReferences" depends on it):
Task "VCMessage" skipped, due to false condition; ('$(DesignTimeBuild)' != 'true' and '$(ConfigurationPlatformExists)' != 'true') was evaluated as ('' != 'true' and 'true' != 'true').
Using "MakeDir" task from assembly "Microsoft.Build.Tasks.v12.0, Version=12.0.0.0, Culture=neutral, PublicKeyToken=b03f5f7f11d50a3a".
Task "MakeDir"
Done executing task "MakeDir".
Task "VCMessage" skipped, due to false condition; ('$(DesignTimeBuild)'!='true' and '$(WindowsAppContainer)'=='true' and '$(ConfigurationType)'!='Application' and '$(ConfigurationType)'!='DynamicLibrary' and '$(ConfigurationType)'!='StaticLibrary') was evaluated as (''!='true' and 'false'=='true' and 'Driver'!='Application' and 'Driver'!='DynamicLibrary' and 'Driver'!='StaticLibrary').
Task "VCMessage" skipped, due to false condition; ('$(DesignTimeBuild)'!='true' and '$(VCInstallDir)'=='' and '$(UseEnv)' != 'true' and ('$(TargetFrameworkVersion)'=='v3.5' or '$(TargetFrameworkVersion)'=='v3.0' or '$(TargetFrameworkVersion)'=='v2.0' )) was evaluated as (''!='true' and 'C:\Program Files (x86)\Microsoft Visual Studio 12.0\VC\'=='' and '' != 'true' and ('v4.0'=='v3.5' or 'v4.0'=='v3.0' or 'v4.0'=='v2.0' )).
Task "VCMessage" skipped, due to false condition; ('$(DesignTimeBuild)'!='true' and '$(VCInstallDir)'=='' and '$(UseEnv)' != 'true' and '$(PlatformToolset)'=='v90') was evaluated as (''!='true' and 'C:\Program Files (x86)\Microsoft Visual Studio 12.0\VC\'=='' and '' != 'true' and 'WindowsKernelModeDriver8.1'=='v90').
Task "VCMessage" skipped, due to false condition; ('$(VCInstallDir)'=='' and '$(UseEnv)' != 'true') was evaluated as ('C:\Program Files (x86)\Microsoft Visual Studio 12.0\VC\'=='' and '' != 'true').
Task "VCMessage" skipped, due to false condition; ('$(WindowsSDKDir)'=='' and '$(UseEnv)' != 'true') was evaluated as ('C:\Program Files (x86)\Windows Kits\8.1\'=='' and '' != 'true').
Task "VCMessage" skipped, due to false condition; ('$(IntDirTrailingSlashWarning)'=='true') was evaluated as (''=='true').
Task "VCMessage" skipped, due to false condition; ('$(OutDirTrailingSlashWarning)'=='true') was evaluated as (''=='true').
Task "VCMessage" skipped, due to false condition; ('%(CompatibilityIssues.Identity)' != '' and '$(DesignTimeBuild)'!='true') was evaluated as ('' != '' and ''!='true').
Task "VCMessage" skipped, due to false condition; ('$(_MBCS_Using)' == 'true' and '$(_MBCS_Installed)' != 'true' and '$(DesignTimeBuild)' != 'true') was evaluated as ('' == 'true' and '' != 'true' and '' != 'true').
Task "VCMessage" skipped, due to false condition; ('$(IgnoreWarnIntDirSharingDetected)' != 'true' and '$(IntDirSharingDetected)' == 'true') was evaluated as ('' != 'true' and '' == 'true').
Task "VCMessage" skipped, due to false condition; ('$(IgnoreWarnIntDirInTempDetected)' != 'true' and ('$(_IntDirFullpath.StartsWith($(Tmp), true, null))' == 'true' or '$(_IntDirFullpath.StartsWith($(Temp), true, null))' == 'true' or '$(_OutDirFullpath.StartsWith($(Tmp), true, null))' == 'true' or '$(_OutDirFullpath.StartsWith($(Temp), true, null))' == 'true')) was evaluated as ('' != 'true' and ('False' == 'true' or 'False' == 'true' or 'False' == 'true' or 'False' == 'true')).
Task "MakeDir"
Done executing task "MakeDir".
Done building target "PrepareForBuild" in project "NDISFilterDriver.vcxproj".
Target "_PrepareForReferenceResolution" skipped. Previously built successfully.
Target "ComputeCrtSDKReference" skipped, due to false condition; ('@(ClCompile)'!='' and '$(WindowsAppContainer)'=='true' and '$(UseCrtSDKReference)' != 'false') was evaluated as ('precomp.c;filter.c;device.c;flt_dbg.c'!='' and 'false'=='true' and '' != 'false').
Target "GetInstalledSDKLocations" in file "C:\Program Files (x86)\MSBuild\12.0\bin\Microsoft.Common.CurrentVersion.targets" from project "D:\labs\myFirewall\Firewall\Firewall\NDISFilterDriver\NDISFilterDriver.vcxproj" (target "ResolveSDKReferences" depends on it):
Task "GetInstalledSDKLocations" skipped, due to false condition; ('@(SDKReference)' != '') was evaluated as ('' != '').
Done building target "GetInstalledSDKLocations" in project "NDISFilterDriver.vcxproj".
Target "ResolveSDKReferences" in file "C:\Program Files (x86)\MSBuild\12.0\bin\Microsoft.Common.CurrentVersion.targets" from project "D:\labs\myFirewall\Firewall\Firewall\NDISFilterDriver\NDISFilterDriver.vcxproj" (target "ResolveAssemblyReferences" depends on it):
Task "ResolveSDKReference" skipped, due to false condition; ('@(SDKReference)'!='') was evaluated as (''!='').
Done building target "ResolveSDKReferences" in project "NDISFilterDriver.vcxproj".
Target "ResolveSDKReferences" skipped. Previously built successfully.
Target "ExpandSDKReferences" in file "C:\Program Files (x86)\MSBuild\12.0\bin\Microsoft.Common.CurrentVersion.targets" from project "D:\labs\myFirewall\Firewall\Firewall\NDISFilterDriver\NDISFilterDriver.vcxproj" (target "ResolveAssemblyReferences" depends on it):
Task "GetSDKReferenceFiles" skipped, due to false condition; ('@(ResolvedSDKReference)'!='') was evaluated as (''!='').
Done building target "ExpandSDKReferences" in project "NDISFilterDriver.vcxproj".
Target "FakesGenerateBeforeBuild" skipped, due to false condition; (@(Fakes) != '' AND $(BuildingProject)) was evaluated as ( != '' AND true).
Target "ResolveAssemblyReferences" in file "C:\Program Files (x86)\MSBuild\12.0\bin\Microsoft.Common.CurrentVersion.targets" from project "D:\labs\myFirewall\Firewall\Firewall\NDISFilterDriver\NDISFilterDriver.vcxproj" (target "ResolveReferences" depends on it):
Task "ResolveAssemblyReference" skipped, due to false condition; ('@(Reference)'!='' or '@(_ResolvedProjectReferencePaths)'!='' or '@(_ExplicitReference)' != '') was evaluated as (''!='' or ''!='' or '' != '').
Done building target "ResolveAssemblyReferences" in project "NDISFilterDriver.vcxproj".
Target "GenerateBindingRedirects" skipped, due to false condition; ('$(AutoGenerateBindingRedirects)' == 'true' and '$(GenerateBindingRedirectsOutputType)' == 'true') was evaluated as ('' == 'true' and '' == 'true').
Target "ResolveComReferences" skipped, due to false condition; ('@(COMReference)'!='' or '@(COMFileReference)'!='') was evaluated as (''!='' or ''!='').
Target "AfterResolveReferences" in file "C:\Program Files (x86)\MSBuild\12.0\bin\Microsoft.Common.CurrentVersion.targets" from project "D:\labs\myFirewall\Firewall\Firewall\NDISFilterDriver\NDISFilterDriver.vcxproj" (target "ResolveReferences" depends on it):
Done building target "AfterResolveReferences" in project "NDISFilterDriver.vcxproj".
Target "ImplicitlyExpandDesignTimeFacades" skipped, due to false condition; ('$(ImplicitlyExpandDesignTimeFacades)' == 'true') was evaluated as ('' == 'true').
Target "ResolveTestReferences" skipped, due to false condition; ('@(Shadow)'!='') was evaluated as (''!='').
Target "ResolveReferences" in file "C:\Program Files (x86)\MSBuild\12.0\bin\Microsoft.Common.CurrentVersion.targets" from project "D:\labs\myFirewall\Firewall\Firewall\NDISFilterDriver\NDISFilterDriver.vcxproj" (target "Build" depends on it):
Done building target "ResolveReferences" in project "NDISFilterDriver.vcxproj".
Target "PrepareForBuild" skipped. Previously built successfully.
Target "PrepareForBuild" skipped. Previously built successfully.
Target "InitializeBuildStatus" in file "C:\Program Files (x86)\MSBuild\Microsoft.Cpp\v4.0\V120\Microsoft.CppBuild.targets" from project "D:\labs\myFirewall\Firewall\Firewall\NDISFilterDriver\NDISFilterDriver.vcxproj" (target "Build" depends on it):
Using "ReadLinesFromFile" task from assembly "Microsoft.Build.Tasks.v12.0, Version=12.0.0.0, Culture=neutral, PublicKeyToken=b03f5f7f11d50a3a".
Task "ReadLinesFromFile"
Done executing task "ReadLinesFromFile".
Using "WriteLinesToFile" task from assembly "Microsoft.Build.Tasks.v12.0, Version=12.0.0.0, Culture=neutral, PublicKeyToken=b03f5f7f11d50a3a".
Task "WriteLinesToFile"
Done executing task "WriteLinesToFile".
Using "Touch" task from assembly "Microsoft.Build.Tasks.v12.0, Version=12.0.0.0, Culture=neutral, PublicKeyToken=b03f5f7f11d50a3a".
Task "Touch"
  Creating "x64\Win8Release\NDISFilterDriver.tlog\unsuccessfulbuild" because "AlwaysCreate" was specified.
Done executing task "Touch".
Done building target "InitializeBuildStatus" in project "NDISFilterDriver.vcxproj".
Target "AssignProjectConfiguration" skipped, due to false condition; ('$(CurrentSolutionConfigurationContents)' != '' or '@(ProjectReference)'!='') was evaluated as ('' != '' or ''!='').
Target "_SplitProjectReferencesByFileExistence" skipped. Previously built successfully.
Target "BuildGenerateSourcesTraverse" in file "C:\Program Files (x86)\MSBuild\12.0\bin\Microsoft.Common.CurrentVersion.targets" from project "D:\labs\myFirewall\Firewall\Firewall\NDISFilterDriver\NDISFilterDriver.vcxproj" (target "BuildGenerateSources" depends on it):
Task "MSBuild" skipped, due to false condition; ('$(BuildPassReferences)' == 'true' and '@(ProjectReferenceWithConfiguration)' != '' and '@(_MSBuildProjectReferenceExistent)' != '' and '%(_MSBuildProjectReferenceExistent.BuildReference)' == 'true') was evaluated as ('' == 'true' and '' != '' and '' != '' and '' == 'true').
Done building target "BuildGenerateSourcesTraverse" in project "NDISFilterDriver.vcxproj".
Target "PrepareForBuild" skipped. Previously built successfully.
Target "ResolveReferences" skipped. Previously built successfully.
Target "BeforeBuildGenerateSources" in file "C:\Program Files (x86)\MSBuild\Microsoft.Cpp\v4.0\V120\Microsoft.BuildSteps.Targets" from project "D:\labs\myFirewall\Firewall\Firewall\NDISFilterDriver\NDISFilterDriver.vcxproj" (target "_BuildGenerateSourcesAction" depends on it):
Done building target "BeforeBuildGenerateSources" in project "NDISFilterDriver.vcxproj".
Target "StampInf" in file "C:\Program Files (x86)\Windows Kits\8.1\build\WindowsDriver.common.targets" from project "D:\labs\myFirewall\Firewall\Firewall\NDISFilterDriver\NDISFilterDriver.vcxproj" (target "PreBuildEvent" depends on it):
Task "SetEnv"
  SDK_INC_PATH=C:\Program Files (x86)\Windows Kits\8.1\Include\shared
Done executing task "SetEnv".
Using "Copy" task from assembly "Microsoft.Build.Tasks.v12.0, Version=12.0.0.0, Culture=neutral, PublicKeyToken=b03f5f7f11d50a3a".
Task "Copy"
  Copying file from "NDISFilterDriver.inf" to "x64\Win8Release\NDISFilterDriver.inf".
Done executing task "Copy".
Using "StampInf" task from assembly "C:\Program Files (x86)\Windows Kits\8.1\bin\Microsoft.DriverKit.Build.Tasks.dll".
Task "StampInf"
  C:\Program Files (x86)\Windows Kits\8.1\bin\x86\stampinf.exe -d "*" -a "amd64" -v "*" -k "1.11" -u "1.11.0" -f x64\Win8Release\NDISFilterDriver.inf 
  Stamping x64\Win8Release\NDISFilterDriver.inf [Version] section with DriverVer=12/15/2013,13.16.47.910
Done executing task "StampInf".
Task "Copy"
  Did not copy from file "x64\Win8Release\NDISFilterDriver.inf" to file "D:\labs\myFirewall\Firewall\Firewall\NDISFilterDriver\x64\Win8Release\NDISFilterDriver.inf" because the "SkipUnchangedFiles" parameter was set to "true" in the project and the files' sizes and timestamps match.
Done executing task "Copy".
Task "SetEnv"
  SDK_INC_PATH=
Done executing task "SetEnv".
Done building target "StampInf" in project "NDISFilterDriver.vcxproj".
Target "PreBuildEvent" in file "C:\Program Files (x86)\MSBuild\Microsoft.Cpp\v4.0\V120\Microsoft.CppCommon.targets" from project "D:\labs\myFirewall\Firewall\Firewall\NDISFilterDriver\NDISFilterDriver.vcxproj" (target "_BuildGenerateSourcesAction" depends on it):
Task "Message" skipped, due to false condition; ('%(PreBuildEvent.Message)' != '' and '%(PreBuildEvent.Command)' != '') was evaluated as ('' != '' and '' != '').
Task "Exec" skipped, due to false condition; ('%(PreBuildEvent.Command)' != '') was evaluated as ('' != '').
Done building target "PreBuildEvent" in project "NDISFilterDriver.vcxproj".
Target "Ctrpp" skipped, due to false condition; ('@(Ctrpp)' != '') was evaluated as ('' != '').
Target "BinplaceGenerated" skipped, due to false condition; ('@(BinplaceGenerated)' != '') was evaluated as ('' != '').
Target "CustomBuild" skipped, due to false condition; ('@(CustomBuild)' != '') was evaluated as ('' != '').
Target "_MASM" skipped, due to false condition; ('@(MASM)' != '') was evaluated as ('' != '').
Target "FxCompile" skipped, due to false condition; ('@(FxCompile)' != '') was evaluated as ('' != '').
Target "Xsd" skipped, due to false condition; ('@(Xsd)' != '') was evaluated as ('' != '').
Target "_Xsd" in file "C:\Program Files (x86)\MSBuild\Microsoft.Cpp\v4.0\V120\Microsoft.CppBuild.targets" from project "D:\labs\myFirewall\Firewall\Firewall\NDISFilterDriver\NDISFilterDriver.vcxproj" (target "_BuildGenerateSourcesAction" depends on it):
Done building target "_Xsd" in project "NDISFilterDriver.vcxproj".
Target "Ctrpp" skipped, due to false condition; ('@(Ctrpp)' != '') was evaluated as ('' != '').
Target "BinplaceGenerated" skipped, due to false condition; ('@(BinplaceGenerated)' != '') was evaluated as ('' != '').
Target "MakeDirsForMidl" in file "C:\Program Files (x86)\MSBuild\Microsoft.Cpp\v4.0\V120\Microsoft.CppBuild.targets" from project "D:\labs\myFirewall\Firewall\Firewall\NDISFilterDriver\NDISFilterDriver.vcxproj" (target "_Midl" depends on it):
Task "Makedir"
Done executing task "Makedir".
Done building target "MakeDirsForMidl" in project "NDISFilterDriver.vcxproj".
Target "Midl" skipped, due to false condition; ('@(Midl)' != '') was evaluated as ('' != '').
Target "_MASM" skipped, due to false condition; ('@(MASM)' != '') was evaluated as ('' != '').
Target "CustomBuild" skipped, due to false condition; ('@(CustomBuild)' != '') was evaluated as ('' != '').
Target "_MASM" skipped, due to false condition; ('@(MASM)' != '') was evaluated as ('' != '').
Target "FxCompile" skipped, due to false condition; ('@(FxCompile)' != '') was evaluated as ('' != '').
Target "ComputeMIDLGeneratedCompileInputs" in file "C:\Program Files (x86)\MSBuild\Microsoft.Cpp\v4.0\V120\Microsoft.CppBuild.targets" from project "D:\labs\myFirewall\Firewall\Firewall\NDISFilterDriver\NDISFilterDriver.vcxproj" (target "_Midl" depends on it):
Done building target "ComputeMIDLGeneratedCompileInputs" in project "NDISFilterDriver.vcxproj".
Target "AfterMidl" in file "C:\Program Files (x86)\MSBuild\Microsoft.Cpp\v4.0\V120\Microsoft.CppBuild.targets" from project "D:\labs\myFirewall\Firewall\Firewall\NDISFilterDriver\NDISFilterDriver.vcxproj" (target "_Midl" depends on it):
Done building target "AfterMidl" in project "NDISFilterDriver.vcxproj".
Target "_Midl" in file "C:\Program Files (x86)\MSBuild\Microsoft.Cpp\v4.0\V120\Microsoft.CppBuild.targets" from project "D:\labs\myFirewall\Firewall\Firewall\NDISFilterDriver\NDISFilterDriver.vcxproj" (target "_BuildGenerateSourcesAction" depends on it):
Done building target "_Midl" in project "NDISFilterDriver.vcxproj".
Target "Ctrpp" skipped, due to false condition; ('@(Ctrpp)' != '') was evaluated as ('' != '').
Target "BinplaceGenerated" skipped, due to false condition; ('@(BinplaceGenerated)' != '') was evaluated as ('' != '').
Target "AfterBuildGenerateSources" in file "C:\Program Files (x86)\MSBuild\Microsoft.Cpp\v4.0\V120\Microsoft.BuildSteps.Targets" from project "D:\labs\myFirewall\Firewall\Firewall\NDISFilterDriver\NDISFilterDriver.vcxproj" (target "_BuildGenerateSourcesAction" depends on it):
Done building target "AfterBuildGenerateSources" in project "NDISFilterDriver.vcxproj".
Target "AfterBuildGenerateSourcesEvent" in file "C:\Program Files (x86)\MSBuild\Microsoft.Cpp\v4.0\V120\Microsoft.CppBuild.targets" from project "D:\labs\myFirewall\Firewall\Firewall\NDISFilterDriver\NDISFilterDriver.vcxproj" (target "_BuildGenerateSourcesAction" depends on it):
Done building target "AfterBuildGenerateSourcesEvent" in project "NDISFilterDriver.vcxproj".
Target "_BuildGenerateSourcesAction" in file "C:\Program Files (x86)\MSBuild\Microsoft.Cpp\v4.0\V120\Microsoft.CppBuild.targets" from project "D:\labs\myFirewall\Firewall\Firewall\NDISFilterDriver\NDISFilterDriver.vcxproj" (target "BuildGenerateSources" depends on it):
Done building target "_BuildGenerateSourcesAction" in project "NDISFilterDriver.vcxproj".
Target "BuildGenerateSources" in file "C:\Program Files (x86)\MSBuild\12.0\bin\Microsoft.Common.CurrentVersion.targets" from project "D:\labs\myFirewall\Firewall\Firewall\NDISFilterDriver\NDISFilterDriver.vcxproj" (target "Build" depends on it):
Done building target "BuildGenerateSources" in project "NDISFilterDriver.vcxproj".
Target "AssignProjectConfiguration" skipped, due to false condition; ('$(CurrentSolutionConfigurationContents)' != '' or '@(ProjectReference)'!='') was evaluated as ('' != '' or ''!='').
Target "_SplitProjectReferencesByFileExistence" skipped. Previously built successfully.
Target "BuildCompileTraverse" in file "C:\Program Files (x86)\MSBuild\12.0\bin\Microsoft.Common.CurrentVersion.targets" from project "D:\labs\myFirewall\Firewall\Firewall\NDISFilterDriver\NDISFilterDriver.vcxproj" (target "BuildCompile" depends on it):
Task "MSBuild" skipped, due to false condition; ('$(BuildPassReferences)' == 'true' and '@(ProjectReferenceWithConfiguration)' != '' and '@(_MSBuildProjectReferenceExistent)' != ''  and '%(_MSBuildProjectReferenceExistent.BuildReference)' == 'true') was evaluated as ('' == 'true' and '' != '' and '' != ''  and '' == 'true').
Done building target "BuildCompileTraverse" in project "NDISFilterDriver.vcxproj".
Target "PrepareForBuild" skipped. Previously built successfully.
Target "ResolveReferences" skipped. Previously built successfully.
Target "Mofcomp" skipped, due to false condition; ('@(Mofcomp)' != '') was evaluated as ('' != '').
Target "Wmimofck" skipped, due to false condition; ('@(Wmimofck)' != '') was evaluated as ('' != '').
Target "MessageCompile" skipped, due to false condition; ('@(MessageCompile)' != '') was evaluated as ('' != '').
Target "RunWpp" in file "C:\Program Files (x86)\Windows Kits\8.1\build\WindowsDriver.common.targets" from project "D:\labs\myFirewall\Firewall\Firewall\NDISFilterDriver\NDISFilterDriver.vcxproj" (target "BeforeClCompile" depends on it):
Task "Wpp" skipped, due to false condition; ('@(TraceWpp)' != '') was evaluated as ('' != '').
Done building target "RunWpp" in project "NDISFilterDriver.vcxproj".
Target "BeforeClCompile" in file "C:\Program Files (x86)\MSBuild\Microsoft.Cpp\v4.0\V120\Microsoft.CppBuild.targets" from project "D:\labs\myFirewall\Firewall\Firewall\NDISFilterDriver\NDISFilterDriver.vcxproj" (target "_ClCompile" depends on it):
Done building target "BeforeClCompile" in project "NDISFilterDriver.vcxproj".
Target "ComputeMIDLGeneratedCompileInputs" skipped. Previously built successfully.
Target "ComputeCLInputPDBName" in file "C:\Program Files (x86)\MSBuild\Microsoft.Cpp\v4.0\V120\Microsoft.CppBuild.targets" from project "D:\labs\myFirewall\Firewall\Firewall\NDISFilterDriver\NDISFilterDriver.vcxproj" (target "_ClCompile" depends on it):
Done building target "ComputeCLInputPDBName" in project "NDISFilterDriver.vcxproj".
Target "ResolveReferences" skipped. Previously built successfully.
Target "ComputeReferenceCLInput" in file "C:\Program Files (x86)\MSBuild\Microsoft.Cpp\v4.0\V120\Microsoft.CppBuild.targets" from project "D:\labs\myFirewall\Firewall\Firewall\NDISFilterDriver\NDISFilterDriver.vcxproj" (target "_ClCompile" depends on it):
Task "WriteLinesToFile" skipped, due to false condition; (('@(_ReferenceCopyLocalPaths)'!='') and '$(DesignTimeBuild)' != 'true') was evaluated as ((''!='') and '' != 'true').
Task "Message" skipped, due to false condition; ('$(_REFERENCE_DEBUG)'=='true') was evaluated as (''=='true').
Done building target "ComputeReferenceCLInput" in project "NDISFilterDriver.vcxproj".
Target "WarnCompileDuplicatedFilename" in file "C:\Program Files (x86)\MSBuild\Microsoft.Cpp\v4.0\V120\Microsoft.CppBuild.targets" from project "D:\labs\myFirewall\Firewall\Firewall\NDISFilterDriver\NDISFilterDriver.vcxproj" (target "_ClCompile" depends on it):
Task "VCMessage" skipped, due to false condition; ('%(Filename)%(Extension)' != '@(ClCompile->'%(Filename)%(Extension)')' and '%(ObjectFileName)' == '@(ClCompile->Metadata(ObjectFileName)->Distinct())') was evaluated as ('precomp.c' != 'precomp.c' and 'x64\Win8Release\' == 'x64\Win8Release\').
Task "VCMessage" skipped, due to false condition; ('%(Filename)%(Extension)' != '@(ClCompile->'%(Filename)%(Extension)')' and '%(ObjectFileName)' == '@(ClCompile->Metadata(ObjectFileName)->Distinct())') was evaluated as ('filter.c' != 'filter.c' and 'x64\Win8Release\' == 'x64\Win8Release\').
Task "VCMessage" skipped, due to false condition; ('%(Filename)%(Extension)' != '@(ClCompile->'%(Filename)%(Extension)')' and '%(ObjectFileName)' == '@(ClCompile->Metadata(ObjectFileName)->Distinct())') was evaluated as ('device.c' != 'device.c' and 'x64\Win8Release\' == 'x64\Win8Release\').
Task "VCMessage" skipped, due to false condition; ('%(Filename)%(Extension)' != '@(ClCompile->'%(Filename)%(Extension)')' and '%(ObjectFileName)' == '@(ClCompile->Metadata(ObjectFileName)->Distinct())') was evaluated as ('flt_dbg.c' != 'flt_dbg.c' and 'x64\Win8Release\' == 'x64\Win8Release\').
Done building target "WarnCompileDuplicatedFilename" in project "NDISFilterDriver.vcxproj".
Target "MakeDirsForCl" in file "C:\Program Files (x86)\MSBuild\Microsoft.Cpp\v4.0\V120\Microsoft.CppBuild.targets" from project "D:\labs\myFirewall\Firewall\Firewall\NDISFilterDriver\NDISFilterDriver.vcxproj" (target "_ClCompile" depends on it):
Task "MakeDir"
Done executing task "MakeDir".
Done building target "MakeDirsForCl" in project "NDISFilterDriver.vcxproj".
Target "PrepareForBuild" skipped. Previously built successfully.
Target "SetBuildDefaultEnvironmentVariables" skipped. Previously built successfully.
Target "SetUserMacroEnvironmentVariables" skipped, due to false condition; ('@(BuildMacro)' != '') was evaluated as ('' != '').
Target "_SelectedFiles" in file "C:\Program Files (x86)\MSBuild\Microsoft.Cpp\v4.0\V120\Microsoft.CppBuild.targets" from project "D:\labs\myFirewall\Firewall\Firewall\NDISFilterDriver\NDISFilterDriver.vcxproj" (target "SelectClCompile" depends on it):
Done building target "_SelectedFiles" in project "NDISFilterDriver.vcxproj".
Target "ComputeMIDLGeneratedCompileInputs" skipped. Previously built successfully.
Target "ComputeCLInputPDBName" skipped. Previously built successfully.
Target "ComputeReferenceCLInput" skipped. Previously built successfully.
Target "WarnCompileDuplicatedFilename" skipped. Previously built successfully.
Target "_SelectedFiles" skipped. Previously built successfully.
Target "SelectCustomBuild" in file "C:\Program Files (x86)\MSBuild\Microsoft.Cpp\v4.0\V120\Microsoft.CppBuild.targets" from project "D:\labs\myFirewall\Firewall\Firewall\NDISFilterDriver\NDISFilterDriver.vcxproj" (target "SelectClCompile" depends on it):
Done building target "SelectCustomBuild" in project "NDISFilterDriver.vcxproj".
Target "SelectClCompile" in file "C:\Program Files (x86)\MSBuild\Microsoft.Cpp\v4.0\V120\Microsoft.CppBuild.targets" from project "D:\labs\myFirewall\Firewall\Firewall\NDISFilterDriver\NDISFilterDriver.vcxproj" (target "ClCompile" depends on it):
Done building target "SelectClCompile" in project "NDISFilterDriver.vcxproj".
Target "GenerateTargetFrameworkMonikerAttribute" skipped, due to false condition; ('$(GenerateTargetFrameworkAttribute)' == 'true') was evaluated as ('false' == 'true').
Target "ManagedIncrementalBuildPreProcessDependencyGraph" skipped, due to false condition; ('@(ClCompile)' != '' and '$(EnableManagedIncrementalBuild)' == 'True') was evaluated as ('precomp.c;filter.c;device.c;flt_dbg.c' != '' and 'false' == 'True').
Target "ClCompile" in file "C:\Program Files (x86)\MSBuild\Microsoft.Cpp\v4.0\V120\Microsoft.CppCommon.targets" from project "D:\labs\myFirewall\Firewall\Firewall\NDISFilterDriver\NDISFilterDriver.vcxproj" (target "_ClCompile" depends on it):
Task "Delete" skipped, due to false condition; ('%(ClCompile.DebugInformationFormat)' != '' and '%(ClCompile.DebugInformationFormat)' != 'OldStyle' and '%(ClCompile.ProgramDataBaseFileName)' != '' and !Exists(%(ClCompile.ProgramDataBaseFileName))) was evaluated as ('ProgramDatabase' != '' and 'ProgramDatabase' != 'OldStyle' and 'x64\Win8Release\vc120.pdb' != '' and !Exists(x64\Win8Release\vc120.pdb)).
Using "CL" task from assembly "C:\Program Files (x86)\MSBuild\Microsoft.Cpp\v4.0\V120\Microsoft.Build.CppTasks.Common.dll".
Task "CL"
  C:\Program Files (x86)\Windows Kits\8.1\TOOLS\SDV\bin\interceptor\CL.exe /c /I.. /I. /I.. /I. /Ix64\Win8Release\ /Zi /nologo /W4 /WX- /Ox /Os /Oy- /D _WIN64 /D _AMD64_ /D AMD64 /D _WIN32_WINNT=0x0602 /D WINVER=0x0602 /D WINNT=1 /D NTDDI_VERSION=0x06020000 /D NDIS_WDM=1 /D NDIS630=1 /D NDIS_WDM=1 /GF /Gm- /Zp8 /GS /Gy /fp:precise /Zc:wchar_t- /Zc:forScope- /GR- /Yc"precomp.h" /Fp"x64\Win8Release\NDISFilterDriver.pch" /Fo"x64\Win8Release\\" /Fd"x64\Win8Release\vc120.pdb" /Gz /wd4603 /wd4627 /wd4986 /wd4987 /wd4996 /wd4201 /wd4214 /FI"C:\Program Files (x86)\Windows Kits\8.1\Include\Shared\warning.h" /errorReport:queue /kernel -cbstring -d2epilogunwind  /d1nodatetime /d1import_no_registry /d2AllowCompatibleILVersions /d2Zi+ precomp.c
  precomp.c
Done executing task "CL".
Task "CL" skipped, due to false condition; ('%(ClCompile.PrecompiledHeader)' == 'Create' and '%(ClCompile.ExcludedFromBuild)'!='true' and '%(ClCompile.CompilerIteration)' == '') was evaluated as ('Use' == 'Create' and ''!='true' and '' == '').
Task "CL" skipped, due to false condition; ('%(ClCompile.PrecompiledHeader)' != 'Create' and '%(ClCompile.ExcludedFromBuild)'!='true' and '%(ClCompile.CompilerIteration)' == '' and @(ClCompile) != '') was evaluated as ('Create' != 'Create' and ''!='true' and '' == '' and precomp.c != '').
Task "CL"
  C:\Program Files (x86)\Windows Kits\8.1\TOOLS\SDV\bin\interceptor\CL.exe /c /I.. /I. /Ix64\Win8Release\ /Zi /nologo /W4 /WX- /Ox /Os /Oy- /D _WIN64 /D _AMD64_ /D AMD64 /D _WIN32_WINNT=0x0602 /D WINVER=0x0602 /D WINNT=1 /D NTDDI_VERSION=0x06020000 /D NDIS_WDM=1 /D NDIS630=1 /GF /Gm- /Zp8 /GS /Gy /fp:precise /Zc:wchar_t- /Zc:forScope- /GR- /Yu"precomp.h" /Fp"x64\Win8Release\NDISFilterDriver.pch" /Fo"x64\Win8Release\\" /Fd"x64\Win8Release\vc120.pdb" /Gz /wd4603 /wd4627 /wd4986 /wd4987 /wd4996 /wd4201 /wd4214 /FI"C:\Program Files (x86)\Windows Kits\8.1\Include\Shared\warning.h" /errorReport:queue /kernel -cbstring -d2epilogunwind  /d1nodatetime /d1import_no_registry /d2AllowCompatibleILVersions /d2Zi+ filter.c device.c flt_dbg.c
  filter.c
filter.c(316): warning C4087: 'NDISFilterDriverRegisterDevice' : declared with 'void' parameter list [D:\labs\myFirewall\Firewall\Firewall\NDISFilterDriver\NDISFilterDriver.vcxproj]
  device.c
device.c(22): warning C4027: function declared without formal parameter list [D:\labs\myFirewall\Firewall\Firewall\NDISFilterDriver\NDISFilterDriver.vcxproj]
  flt_dbg.c
  Generating Code...
Done executing task "CL".
Done building target "ClCompile" in project "NDISFilterDriver.vcxproj".
Target "ManagedIncrementalBuildPostProcessDependencyGraph" skipped, due to false condition; ('@(ClCompile)' != '' and '$(EnableManagedIncrementalBuild)' == 'True') was evaluated as ('precomp.c;filter.c;device.c;flt_dbg.c' != '' and 'false' == 'True').
Target "AfterClCompile" in file "C:\Program Files (x86)\MSBuild\Microsoft.Cpp\v4.0\V120\Microsoft.CppBuild.targets" from project "D:\labs\myFirewall\Firewall\Firewall\NDISFilterDriver\NDISFilterDriver.vcxproj" (target "_ClCompile" depends on it):
Done building target "AfterClCompile" in project "NDISFilterDriver.vcxproj".
Target "_ClCompile" in file "C:\Program Files (x86)\MSBuild\Microsoft.Cpp\v4.0\V120\Microsoft.CppBuild.targets" from project "D:\labs\myFirewall\Firewall\Firewall\NDISFilterDriver\NDISFilterDriver.vcxproj" (target "_BuildCompileAction" depends on it):
Done building target "_ClCompile" in project "NDISFilterDriver.vcxproj".
Target "BinplaceCompiled" skipped, due to false condition; ('@(BinplaceCompiled)' != '') was evaluated as ('' != '').
Target "_ResGen" skipped, due to false condition; ('@(EmbeddedResource)'!='') was evaluated as (''!='').
Target "BinplaceCompiled" skipped, due to false condition; ('@(BinplaceCompiled)' != '') was evaluated as ('' != '').
Target "BeforeResourceCompile" in file "C:\Program Files (x86)\MSBuild\Microsoft.Cpp\v4.0\V120\Microsoft.CppBuild.targets" from project "D:\labs\myFirewall\Firewall\Firewall\NDISFilterDriver\NDISFilterDriver.vcxproj" (target "_ResourceCompile" depends on it):
Done building target "BeforeResourceCompile" in project "NDISFilterDriver.vcxproj".
Target "MakeDirsForResourceCompile" in file "C:\Program Files (x86)\MSBuild\Microsoft.Cpp\v4.0\V120\Microsoft.CppBuild.targets" from project "D:\labs\myFirewall\Firewall\Firewall\NDISFilterDriver\NDISFilterDriver.vcxproj" (target "_ResourceCompile" depends on it):
Task "MakeDir"
Done executing task "MakeDir".
Done building target "MakeDirsForResourceCompile" in project "NDISFilterDriver.vcxproj".
Target "_SelectedFiles" skipped. Previously built successfully.
Target "SelectCustomBuild" skipped. Previously built successfully.
Target "SelectResourceCompile" in file "C:\Program Files (x86)\MSBuild\Microsoft.Cpp\v4.0\V120\Microsoft.CppBuild.targets" from project "D:\labs\myFirewall\Firewall\Firewall\NDISFilterDriver\NDISFilterDriver.vcxproj" (target "ResourceCompile" depends on it):
Done building target "SelectResourceCompile" in project "NDISFilterDriver.vcxproj".
Target "ResourceCompile" in file "C:\Program Files (x86)\MSBuild\Microsoft.Cpp\v4.0\V120\Microsoft.CppCommon.targets" from project "D:\labs\myFirewall\Firewall\Firewall\NDISFilterDriver\NDISFilterDriver.vcxproj" (target "_ResourceCompile" depends on it):
Using "RC" task from assembly "C:\Program Files (x86)\MSBuild\Microsoft.Cpp\v4.0\V120\Microsoft.Build.CppTasks.Common.dll".
Task "RC"
  C:\Program Files (x86)\Windows Kits\8.1\bin\x86\rc.exe /D _WIN64 /D _AMD64_=1 /D AMD64 /D _WIN32_WINNT=0x0602 /D WINVER=0x0602 /D WINNT=1 /D NTDDI_VERSION=0x06020000 /D "SMP_ID=\"{8b1800b9-d017-4029-9785-13ef5e5b328e}\"" /l"0x0409" /I"C:\Program Files (x86)\Windows Kits\8.1\Include\UM" /Ix64\Win8Release\ /I.. /I. /nologo /fo"x64\Win8Release\filter.res" filter.rc 
Done executing task "RC".
Done building target "ResourceCompile" in project "NDISFilterDriver.vcxproj".
Target "AfterResourceCompile" in file "C:\Program Files (x86)\MSBuild\Microsoft.Cpp\v4.0\V120\Microsoft.CppBuild.targets" from project "D:\labs\myFirewall\Firewall\Firewall\NDISFilterDriver\NDISFilterDriver.vcxproj" (target "_ResourceCompile" depends on it):
Done building target "AfterResourceCompile" in project "NDISFilterDriver.vcxproj".
Target "_ResourceCompile" in file "C:\Program Files (x86)\MSBuild\Microsoft.Cpp\v4.0\V120\Microsoft.CppBuild.targets" from project "D:\labs\myFirewall\Firewall\Firewall\NDISFilterDriver\NDISFilterDriver.vcxproj" (target "_BuildCompileAction" depends on it):
Done building target "_ResourceCompile" in project "NDISFilterDriver.vcxproj".
Target "BinplaceCompiled" skipped, due to false condition; ('@(BinplaceCompiled)' != '') was evaluated as ('' != '').
Target "_ImpLib" skipped, due to false condition; ('$(ImpLibCompiled)' == 'true') was evaluated as ('' == 'true').
Target "BinplaceCompiled" skipped, due to false condition; ('@(BinplaceCompiled)' != '') was evaluated as ('' != '').
Target "_Lib" skipped, due to false condition; ('$(LibCompiled)' == 'true') was evaluated as ('' == 'true').
Target "BinplaceCompiled" skipped, due to false condition; ('@(BinplaceCompiled)' != '') was evaluated as ('' != '').
Target "AfterBuildCompileEvent" in file "C:\Program Files (x86)\MSBuild\Microsoft.Cpp\v4.0\V120\Microsoft.CppBuild.targets" from project "D:\labs\myFirewall\Firewall\Firewall\NDISFilterDriver\NDISFilterDriver.vcxproj" (target "_BuildCompileAction" depends on it):
Done building target "AfterBuildCompileEvent" in project "NDISFilterDriver.vcxproj".
Target "_BuildCompileAction" in file "C:\Program Files (x86)\MSBuild\Microsoft.Cpp\v4.0\V120\Microsoft.CppBuild.targets" from project "D:\labs\myFirewall\Firewall\Firewall\NDISFilterDriver\NDISFilterDriver.vcxproj" (target "BuildCompile" depends on it):
Done building target "_BuildCompileAction" in project "NDISFilterDriver.vcxproj".
Target "BuildCompile" in file "C:\Program Files (x86)\MSBuild\12.0\bin\Microsoft.Common.CurrentVersion.targets" from project "D:\labs\myFirewall\Firewall\Firewall\NDISFilterDriver\NDISFilterDriver.vcxproj" (target "Build" depends on it):
Done building target "BuildCompile" in project "NDISFilterDriver.vcxproj".
Target "AssignProjectConfiguration" skipped, due to false condition; ('$(CurrentSolutionConfigurationContents)' != '' or '@(ProjectReference)'!='') was evaluated as ('' != '' or ''!='').
Target "_SplitProjectReferencesByFileExistence" skipped. Previously built successfully.
Target "BuildLinkTraverse" in file "C:\Program Files (x86)\MSBuild\12.0\bin\Microsoft.Common.CurrentVersion.targets" from project "D:\labs\myFirewall\Firewall\Firewall\NDISFilterDriver\NDISFilterDriver.vcxproj" (target "BuildLink" depends on it):
Task "MSBuild" skipped, due to false condition; ('$(BuildPassReferences)' == 'true' and '@(ProjectReferenceWithConfiguration)' != '' and '@(_MSBuildProjectReferenceExistent)' != ''  and '%(_MSBuildProjectReferenceExistent.BuildReference)' == 'true') was evaluated as ('' == 'true' and '' != '' and '' != ''  and '' == 'true').
Done building target "BuildLinkTraverse" in project "NDISFilterDriver.vcxproj".
Target "PrepareForBuild" skipped. Previously built successfully.
Target "ResolveReferences" skipped. Previously built successfully.
Target "ComputeLegacyManifestEmbedding" skipped, due to false condition; ('$(LegacyManifestEmbedding)' != 'true') was evaluated as ('true' != 'true').
Target "BeforeLink" in file "C:\Program Files (x86)\MSBuild\Microsoft.Cpp\v4.0\V120\Microsoft.CppBuild.targets" from project "D:\labs\myFirewall\Firewall\Firewall\NDISFilterDriver\NDISFilterDriver.vcxproj" (target "_Link" depends on it):
Done building target "BeforeLink" in project "NDISFilterDriver.vcxproj".
Target "ComputeMASMOutput" skipped, due to false condition; ('@(MASM)' != '') was evaluated as ('' != '').
Target "ComputeRCOutputs" in file "C:\Program Files (x86)\MSBuild\Microsoft.Cpp\v4.0\V120\Microsoft.CppBuild.targets" from project "D:\labs\myFirewall\Firewall\Firewall\NDISFilterDriver\NDISFilterDriver.vcxproj" (target "ComputeRCGeneratedLinkInputs" depends on it):
Done building target "ComputeRCOutputs" in project "NDISFilterDriver.vcxproj".
Target "ComputeRCGeneratedLinkInputs" in file "C:\Program Files (x86)\MSBuild\Microsoft.Cpp\v4.0\V120\Microsoft.CppBuild.targets" from project "D:\labs\myFirewall\Firewall\Firewall\NDISFilterDriver\NDISFilterDriver.vcxproj" (target "_Link" depends on it):
Done building target "ComputeRCGeneratedLinkInputs" in project "NDISFilterDriver.vcxproj".
Target "ComputeManifestGeneratedLinkerInputs" in file "C:\Program Files (x86)\MSBuild\Microsoft.Cpp\v4.0\V120\Microsoft.CppBuild.targets" from project "D:\labs\myFirewall\Firewall\Firewall\NDISFilterDriver\NDISFilterDriver.vcxproj" (target "_Link" depends on it):
Done building target "ComputeManifestGeneratedLinkerInputs" in project "NDISFilterDriver.vcxproj".
Target "ComputeCustomBuildOutput" in file "C:\Program Files (x86)\MSBuild\Microsoft.Cpp\v4.0\V120\Microsoft.CppBuild.targets" from project "D:\labs\myFirewall\Firewall\Firewall\NDISFilterDriver\NDISFilterDriver.vcxproj" (target "_Link" depends on it):
Task "CreateItem" skipped, due to false condition; ('%(CustomBuildDirsToMake.OutputFileToTool)'!='') was evaluated as (''!='').
Task "MakeDir"
Done executing task "MakeDir".
Done building target "ComputeCustomBuildOutput" in project "NDISFilterDriver.vcxproj".
Target "ComputeMIDLGeneratedCompileInputs" skipped. Previously built successfully.
Target "ComputeCLInputPDBName" skipped. Previously built successfully.
Target "ComputeReferenceCLInput" skipped. Previously built successfully.
Target "WarnCompileDuplicatedFilename" skipped. Previously built successfully.
Target "ComputeCLOutputs" in file "C:\Program Files (x86)\MSBuild\Microsoft.Cpp\v4.0\V120\Microsoft.CppBuild.targets" from project "D:\labs\myFirewall\Firewall\Firewall\NDISFilterDriver\NDISFilterDriver.vcxproj" (target "ComputeCLGeneratedLinkInputs" depends on it):
Done building target "ComputeCLOutputs" in project "NDISFilterDriver.vcxproj".
Target "ComputeCLGeneratedLinkInputs" in file "C:\Program Files (x86)\MSBuild\Microsoft.Cpp\v4.0\V120\Microsoft.CppBuild.targets" from project "D:\labs\myFirewall\Firewall\Firewall\NDISFilterDriver\NDISFilterDriver.vcxproj" (target "_Link" depends on it):
Done building target "ComputeCLGeneratedLinkInputs" in project "NDISFilterDriver.vcxproj".
Target "ComputeLinkInputsFromProject" in file "C:\Program Files (x86)\MSBuild\Microsoft.Cpp\v4.0\V120\Microsoft.CppBuild.targets" from project "D:\labs\myFirewall\Firewall\Firewall\NDISFilterDriver\NDISFilterDriver.vcxproj" (target "_Link" depends on it):
Done building target "ComputeLinkInputsFromProject" in project "NDISFilterDriver.vcxproj".
Target "ComputeReferenceLinkInputs" skipped, due to false condition; (@(ProjectReference) != '') was evaluated as ( != '').
Target "ComputeManifestInputsTargets" in file "C:\Program Files (x86)\MSBuild\Microsoft.Cpp\v4.0\V120\Microsoft.CppBuild.targets" from project "D:\labs\myFirewall\Firewall\Firewall\NDISFilterDriver\NDISFilterDriver.vcxproj" (target "_Link" depends on it):
Done building target "ComputeManifestInputsTargets" in project "NDISFilterDriver.vcxproj".
Target "ManifestResourceCompile" skipped, due to false condition; ('$(EmbedManifestBy)' == 'LINK' and '@(Manifest)' != '') was evaluated as ('' == 'LINK' and '' != '').
Target "AssignWinFXEmbeddedResource" skipped, due to false condition; ('@(WinFXEmbeddedResource)' != '') was evaluated as ('' != '').
Target "AssignTargetPaths" in file "C:\Program Files (x86)\MSBuild\12.0\bin\Microsoft.Common.CurrentVersion.targets" from project "D:\labs\myFirewall\Firewall\Firewall\NDISFilterDriver\NDISFilterDriver.vcxproj" (target "PrepareResourceNames" depends on it):
Using "AssignTargetPath" task from assembly "Microsoft.Build.Tasks.v12.0, Version=12.0.0.0, Culture=neutral, PublicKeyToken=b03f5f7f11d50a3a".
Task "AssignTargetPath"
Done executing task "AssignTargetPath".
Task "AssignTargetPath"
Done executing task "AssignTargetPath".
Task "AssignTargetPath"
Done executing task "AssignTargetPath".
Task "AssignTargetPath"
Done executing task "AssignTargetPath".
Task "AssignTargetPath" skipped, due to false condition; ('@(_DeploymentBaseManifestWithTargetPath)'=='' and '%(None.Extension)'=='.manifest') was evaluated as (''=='' and ''=='.manifest').
Done building target "AssignTargetPaths" in project "NDISFilterDriver.vcxproj".
Target "AssignTargetPaths" skipped. Previously built successfully.
Target "SplitResourcesByCulture" in file "C:\Program Files (x86)\MSBuild\12.0\bin\Microsoft.Common.CurrentVersion.targets" from project "D:\labs\myFirewall\Firewall\Firewall\NDISFilterDriver\NDISFilterDriver.vcxproj" (target "PrepareResourceNames" depends on it):
Task "Warning" skipped, due to false condition; ('@(ResxWithNoCulture)'!='') was evaluated as (''!='').
Task "Warning" skipped, due to false condition; ('@(ResxWithCulture)'!='') was evaluated as (''!='').
Task "Warning" skipped, due to false condition; ('@(NonResxWithCulture)'!='') was evaluated as (''!='').
Task "Warning" skipped, due to false condition; ('@(NonResxWithNoCulture)'!='') was evaluated as (''!='').
Using "AssignCulture" task from assembly "Microsoft.Build.Tasks.v12.0, Version=12.0.0.0, Culture=neutral, PublicKeyToken=b03f5f7f11d50a3a".
Task "AssignCulture"
Done executing task "AssignCulture".
Done building target "SplitResourcesByCulture" in project "NDISFilterDriver.vcxproj".
Target "CreateManifestResourceNames" skipped, due to false condition; ('@(EmbeddedResource)' != '') was evaluated as ('' != '').
Target "CreateCustomManifestResourceNames" in file "C:\Program Files (x86)\MSBuild\12.0\bin\Microsoft.Common.CurrentVersion.targets" from project "D:\labs\myFirewall\Firewall\Firewall\NDISFilterDriver\NDISFilterDriver.vcxproj" (target "PrepareResourceNames" depends on it):
Done building target "CreateCustomManifestResourceNames" in project "NDISFilterDriver.vcxproj".
Target "PrepareResourceNames" in file "C:\Program Files (x86)\MSBuild\12.0\bin\Microsoft.Common.CurrentVersion.targets" from project "D:\labs\myFirewall\Firewall\Firewall\NDISFilterDriver\NDISFilterDriver.vcxproj" (target "_Link" depends on it):
Done building target "PrepareResourceNames" in project "NDISFilterDriver.vcxproj".
Target "MakeDirsForLink" in file "C:\Program Files (x86)\MSBuild\Microsoft.Cpp\v4.0\V120\Microsoft.CppBuild.targets" from project "D:\labs\myFirewall\Firewall\Firewall\NDISFilterDriver\NDISFilterDriver.vcxproj" (target "_Link" depends on it):
Task "MakeDir"
Done executing task "MakeDir".
Done building target "MakeDirsForLink" in project "NDISFilterDriver.vcxproj".
Target "DoLinkOutputFilesMatch" in file "C:\Program Files (x86)\MSBuild\Microsoft.Cpp\v4.0\V120\Microsoft.CppBuild.targets" from project "D:\labs\myFirewall\Firewall\Firewall\NDISFilterDriver\NDISFilterDriver.vcxproj" (target "_Link" depends on it):
Task "VCMessage" skipped, due to false condition; ('@(_OutputFileFromLink)' == '') was evaluated as ('D:\labs\myFirewall\Firewall\Firewall\NDISFilterDriver\x64\Win8Release\NDISFilterDriver.sys' == '').
Task "VCMessage" skipped, due to false condition; ('@(_OutputFileFromLink)' != '' and '%(_OutputFileFromLink.FullPath)' != '$([System.IO.Path]::GetFullPath($(TargetPath)))') was evaluated as ('D:\labs\myFirewall\Firewall\Firewall\NDISFilterDriver\x64\Win8Release\NDISFilterDriver.sys' != '' and 'D:\labs\myFirewall\Firewall\Firewall\NDISFilterDriver\x64\Win8Release\NDISFilterDriver.sys' != 'D:\labs\myFirewall\Firewall\Firewall\NDISFilterDriver\x64\Win8Release\NDISFilterDriver.sys').
Task "VCMessage" skipped, due to false condition; ('@(_OutputFileFromLink)' != '' and '%(_OutputFileFromLink.Extension)' != '' and '%(_OutputFileFromLink.Extension)' != '$(TargetExt)') was evaluated as ('D:\labs\myFirewall\Firewall\Firewall\NDISFilterDriver\x64\Win8Release\NDISFilterDriver.sys' != '' and '.sys' != '' and '.sys' != '.sys').
Task "VCMessage" skipped, due to false condition; ('@(_OutputFileFromLink)' != '' and '%(_OutputFileFromLink.Filename)' != '' and '%(_OutputFileFromLink.Filename)' != '$(TargetName)') was evaluated as ('D:\labs\myFirewall\Firewall\Firewall\NDISFilterDriver\x64\Win8Release\NDISFilterDriver.sys' != '' and 'NDISFilterDriver' != '' and 'NDISFilterDriver' != 'NDISFilterDriver').
Task "VCMessage" skipped, due to false condition; ('%(Link.MinimumRequiredVersion)' != '' and ('%(Link.Subsystem)' == '' or '%(Link.Subsystem)' == 'NotSet')) was evaluated as ('6.02' != '' and ('Native' == '' or 'Native' == 'NotSet')).
Done building target "DoLinkOutputFilesMatch" in project "NDISFilterDriver.vcxproj".
Target "PreLinkEvent" in file "C:\Program Files (x86)\MSBuild\Microsoft.Cpp\v4.0\V120\Microsoft.CppCommon.targets" from project "D:\labs\myFirewall\Firewall\Firewall\NDISFilterDriver\NDISFilterDriver.vcxproj" (target "_Link" depends on it):
Task "Message" skipped, due to false condition; ('%(PreLinkEvent.Message)' != '' and '%(PreLinkEvent.Command)' != '') was evaluated as ('' != '' and '' != '').
Task "Exec" skipped, due to false condition; ('%(PreLinkEvent.Command)' != '') was evaluated as ('' != '').
Done building target "PreLinkEvent" in project "NDISFilterDriver.vcxproj".
Target "ComputeLinkSwitches" in file "C:\Program Files (x86)\MSBuild\Microsoft.Cpp\v4.0\V120\Microsoft.CppCommon.targets" from project "D:\labs\myFirewall\Firewall\Firewall\NDISFilterDriver\NDISFilterDriver.vcxproj" (target "Link" depends on it):
Done building target "ComputeLinkSwitches" in project "NDISFilterDriver.vcxproj".
Target "SetLinkLibraryPaths" in file "C:\Program Files (x86)\Windows Kits\8.1\build\WindowsDriver.common.targets" from project "D:\labs\myFirewall\Firewall\Firewall\NDISFilterDriver\NDISFilterDriver.vcxproj" (target "Link" depends on it):
Done building target "SetLinkLibraryPaths" in project "NDISFilterDriver.vcxproj".
Target "Link" in file "C:\Program Files (x86)\MSBuild\Microsoft.Cpp\v4.0\V120\Microsoft.CppCommon.targets" from project "D:\labs\myFirewall\Firewall\Firewall\NDISFilterDriver\NDISFilterDriver.vcxproj" (target "_Link" depends on it):
Using "Link" task from assembly "C:\Program Files (x86)\MSBuild\Microsoft.Cpp\v4.0\V120\Microsoft.Build.CppTasks.Common.dll".
Task "Link"
  C:\Program Files (x86)\Windows Kits\8.1\TOOLS\SDV\bin\interceptor\link.exe /ERRORREPORT:QUEUE /OUT:"D:\labs\myFirewall\Firewall\Firewall\NDISFilterDriver\x64\Win8Release\NDISFilterDriver.sys" /VERSION:"6.3" /INCREMENTAL:NO /NOLOGO /WX /SECTION:"INIT,d" "C:\Program Files (x86)\Windows Kits\8.1\lib\win8\KM\x64\BufferOverflowFastFailK.lib" "C:\Program Files (x86)\Windows Kits\8.1\lib\win8\KM\x64\ntoskrnl.lib" "C:\Program Files (x86)\Windows Kits\8.1\lib\win8\KM\x64\hal.lib" "C:\Program Files (x86)\Windows Kits\8.1\lib\win8\KM\x64\wmilib.lib" "C:\Program Files (x86)\Windows Kits\8.1\lib\win8\KM\x64\ndis.lib" /NODEFAULTLIB /MANIFEST:NO /DEBUG /PDB:"D:\labs\myFirewall\Firewall\Firewall\NDISFilterDriver\x64\Win8Release\NDISFilterDriver.pdb" /SUBSYSTEM:NATIVE,"6.02" /Driver /OPT:REF /OPT:ICF /ENTRY:"GsDriverEntry" /RELEASE /IMPLIB:"D:\labs\myFirewall\Firewall\Firewall\NDISFilterDriver\x64\Win8Release\NDISFilterDriver.lib" /MERGE:"_TEXT=.text;_PAGE=PAGE" /MACHINE:X64 /PROFILE /kernel /IGNORE:4198,4010,4037,4039,4065,4070,4078,4087,4089,4221,4108,4088,4218,4218,4235 /osversion:6.3 /pdbcompress /debugtype:pdata x64\Win8Release\filter.res
  x64\Win8Release\precomp.obj
  x64\Win8Release\filter.obj
  x64\Win8Release\device.obj
  x64\Win8Release\flt_dbg.obj
Done executing task "Link".
Task "Message"
  NDISFilterDriver.vcxproj -> D:\labs\myFirewall\Firewall\Firewall\NDISFilterDriver\x64\Win8Release\NDISFilterDriver.sys
Done executing task "Message".
Done building target "Link" in project "NDISFilterDriver.vcxproj".
Target "MetaGenInputsOutputs" skipped, due to false condition; ('$(EnableManagedIncrementalBuild)' == 'True') was evaluated as ('false' == 'True').
Target "ComputeMetaGenInputs" skipped, due to false condition; ('$(CLRSupport)'!='' and '$(CLRSupport)'!='false') was evaluated as ('false'!='' and 'false'!='false').
Target "MetaGen" skipped, due to false condition; ('@(MetaGen)' != '') was evaluated as ('' != '').
Target "ComputeLinkImportLibraryOutputsForClean" in file "C:\Program Files (x86)\MSBuild\Microsoft.Cpp\v4.0\V120\Microsoft.CppBuild.targets" from project "D:\labs\myFirewall\Firewall\Firewall\NDISFilterDriver\NDISFilterDriver.vcxproj" (target "_Link" depends on it):
Task "WriteLinesToFile" skipped, due to false condition; ('@(_LinkSecondaryOutput)' != '') was evaluated as ('' != '').
Done building target "ComputeLinkImportLibraryOutputsForClean" in project "NDISFilterDriver.vcxproj".
Target "AfterLink" in file "C:\Program Files (x86)\MSBuild\Microsoft.Cpp\v4.0\V120\Microsoft.CppBuild.targets" from project "D:\labs\myFirewall\Firewall\Firewall\NDISFilterDriver\NDISFilterDriver.vcxproj" (target "_Link" depends on it):
Done building target "AfterLink" in project "NDISFilterDriver.vcxproj".
Target "Inf2Cat" skipped, due to false condition; ('@(Inf2Cat)' != '' and '$(EnableInf2cat)'  == 'true' and ('$(DriverType)' == 'Package')) was evaluated as ('D:\labs\myFirewall\Firewall\Firewall\NDISFilterDriver\x64\Win8Release\' != '' and ''  == 'true' and ('WDM' == 'Package')).
Target "DriverPackageTarget" skipped, due to false condition; ('$(DriverType)' == 'Package') was evaluated as ('WDM' == 'Package').
Target "CheckForCoinstallers" skipped, due to false condition; (('$(DriverType)' == 'Package') and ('$(EnableInf2cat)' == 'true')) was evaluated as (('WDM' == 'Package') and ('' == 'true')).
Target "_Link" in file "C:\Program Files (x86)\MSBuild\Microsoft.Cpp\v4.0\V120\Microsoft.CppBuild.targets" from project "D:\labs\myFirewall\Firewall\Firewall\NDISFilterDriver\NDISFilterDriver.vcxproj" (target "_BuildLinkAction" depends on it):
Done building target "_Link" in project "NDISFilterDriver.vcxproj".
Target "_ALink" in file "C:\Program Files (x86)\MSBuild\Microsoft.Cpp\v4.0\V120\Microsoft.CppBuild.targets" from project "D:\labs\myFirewall\Firewall\Firewall\NDISFilterDriver\NDISFilterDriver.vcxproj" (target "_BuildLinkAction" depends on it):
Done building target "_ALink" in project "NDISFilterDriver.vcxproj".
Target "ComputeLegacyManifestEmbedding" skipped, due to false condition; ('$(LegacyManifestEmbedding)' != 'true') was evaluated as ('true' != 'true').
Target "_Manifest" in file "C:\Program Files (x86)\MSBuild\Microsoft.Cpp\v4.0\V120\Microsoft.CppBuild.targets" from project "D:\labs\myFirewall\Firewall\Firewall\NDISFilterDriver\NDISFilterDriver.vcxproj" (target "_BuildLinkAction" depends on it):
Using "CallTarget" task from assembly "Microsoft.Build.Tasks.v12.0, Version=12.0.0.0, Culture=neutral, PublicKeyToken=b03f5f7f11d50a3a".
Task "CallTarget"
Done executing task "CallTarget".
Done building target "_Manifest" in project "NDISFilterDriver.vcxproj".
Target "RegisterOutput" skipped, due to false condition; ('$(EmbedManifest)'=='true' and '$(LinkSkippedExecution)' != 'true' and ('$(_IsNativeEnvironment)' == 'true' or '$(Platform)' == 'Win32')) was evaluated as ('true'=='true' and 'False' != 'true' and ('' == 'true' or 'x64' == 'Win32')).
Target "PrepareForBuild" skipped. Previously built successfully.
Target "ResolveReferences" skipped. Previously built successfully.
Target "ResolvedXDCMake" in file "C:\Program Files (x86)\MSBuild\Microsoft.Cpp\v4.0\V120\Microsoft.CppBuild.targets" from project "D:\labs\myFirewall\Firewall\Firewall\NDISFilterDriver\NDISFilterDriver.vcxproj" (target "_XdcMake" depends on it):
Task "MSBuild" skipped, due to false condition; ('%(_MSBuildProjectReferenceExistent.Extension)' == '.vcxproj' and '@(ProjectReferenceWithConfiguration)' != '' and '@(_MSBuildProjectReferenceExistent)' != '' and '$(_ClCompileGenerateXMLDocumentationFiles)' == 'true') was evaluated as ('' == '.vcxproj' and '' != '' and '' != '' and '' == 'true').
Done building target "ResolvedXDCMake" in project "NDISFilterDriver.vcxproj".
Target "ComputeCLCompileGeneratedXDCFiles" in file "C:\Program Files (x86)\MSBuild\Microsoft.Cpp\v4.0\V120\Microsoft.CppBuild.targets" from project "D:\labs\myFirewall\Firewall\Firewall\NDISFilterDriver\NDISFilterDriver.vcxproj" (target "_XdcMake" depends on it):
Done building target "ComputeCLCompileGeneratedXDCFiles" in project "NDISFilterDriver.vcxproj".
Target "MakeDirsForXdcMake" in file "C:\Program Files (x86)\MSBuild\Microsoft.Cpp\v4.0\V120\Microsoft.CppBuild.targets" from project "D:\labs\myFirewall\Firewall\Firewall\NDISFilterDriver\NDISFilterDriver.vcxproj" (target "_XdcMake" depends on it):
Task "MakeDir"
Done executing task "MakeDir".
Done building target "MakeDirsForXdcMake" in project "NDISFilterDriver.vcxproj".
Target "XdcMake" skipped, due to false condition; ('@(XdcMake)' != '') was evaluated as ('' != '').
Target "_XdcMake" in file "C:\Program Files (x86)\MSBuild\Microsoft.Cpp\v4.0\V120\Microsoft.CppBuild.targets" from project "D:\labs\myFirewall\Firewall\Firewall\NDISFilterDriver\NDISFilterDriver.vcxproj" (target "_BuildLinkAction" depends on it):
Done building target "_XdcMake" in project "NDISFilterDriver.vcxproj".
Target "ComputeCLCompileGeneratedSbrFiles" in file "C:\Program Files (x86)\MSBuild\Microsoft.Cpp\v4.0\V120\Microsoft.CppBuild.targets" from project "D:\labs\myFirewall\Firewall\Firewall\NDISFilterDriver\NDISFilterDriver.vcxproj" (target "_BscMake" depends on it):
Done building target "ComputeCLCompileGeneratedSbrFiles" in project "NDISFilterDriver.vcxproj".
Target "MakeDirsForBscMake" in file "C:\Program Files (x86)\MSBuild\Microsoft.Cpp\v4.0\V120\Microsoft.CppBuild.targets" from project "D:\labs\myFirewall\Firewall\Firewall\NDISFilterDriver\NDISFilterDriver.vcxproj" (target "_BscMake" depends on it):
Task "MakeDir"
Done executing task "MakeDir".
Done building target "MakeDirsForBscMake" in project "NDISFilterDriver.vcxproj".
Target "BscMake" skipped, due to false condition; ('@(BscMake)' != '') was evaluated as ('' != '').
Target "CustomBuildStep" skipped, due to false condition; ('@(CustomBuildStep)' != '' and '$(SelectedFiles)'=='') was evaluated as ('' != '' and ''=='').
Target "_BscMake" in file "C:\Program Files (x86)\MSBuild\Microsoft.Cpp\v4.0\V120\Microsoft.CppBuild.targets" from project "D:\labs\myFirewall\Firewall\Firewall\NDISFilterDriver\NDISFilterDriver.vcxproj" (target "_BuildLinkAction" depends on it):
Done building target "_BscMake" in project "NDISFilterDriver.vcxproj".
Target "RunMergeNativeCodeAnalysis" skipped, due to false condition; ('$(Language)'=='C++' and '$(RunCodeAnalysisOnThisProject)'=='true') was evaluated as ('C++'=='C++' and ''=='true').
Target "Telemetry" in file "C:\Program Files (x86)\Windows Kits\8.1\build\WindowsDriver.common.targets" from project "D:\labs\myFirewall\Firewall\Firewall\NDISFilterDriver\NDISFilterDriver.vcxproj" (target "_BuildLinkAction" depends on it):
Using "Telemetry" task from assembly "C:\Program Files (x86)\Windows Kits\8.1\bin\Microsoft.DriverKit.Build.Tasks.dll".
Task "Telemetry"
Done executing task "Telemetry".
Done building target "Telemetry" in project "NDISFilterDriver.vcxproj".
Target "DriverTestSign" skipped, due to false condition; (('$(SignMode)' == 'TestSign')) was evaluated as (('' == 'TestSign')).
Target "Inf2Cat" skipped, due to false condition; ('@(Inf2Cat)' != '' and '$(EnableInf2cat)'  == 'true' and ('$(DriverType)' == 'Package')) was evaluated as ('D:\labs\myFirewall\Firewall\Firewall\NDISFilterDriver\x64\Win8Release\' != '' and ''  == 'true' and ('WDM' == 'Package')).
Target "DriverPackageTarget" skipped, due to false condition; ('$(DriverType)' == 'Package') was evaluated as ('WDM' == 'Package').
Target "CheckForCoinstallers" skipped, due to false condition; (('$(DriverType)' == 'Package') and ('$(EnableInf2cat)' == 'true')) was evaluated as (('WDM' == 'Package') and ('' == 'true')).
Target "BinplaceLinked" skipped, due to false condition; ('@(BinplaceLinked)' != '') was evaluated as ('' != '').
Target "DriverProductionSign" skipped, due to false condition; (('$(SignMode)' == 'ProductionSign')) was evaluated as (('' == 'ProductionSign')).
Target "Inf2Cat" skipped, due to false condition; ('@(Inf2Cat)' != '' and '$(EnableInf2cat)'  == 'true' and ('$(DriverType)' == 'Package')) was evaluated as ('D:\labs\myFirewall\Firewall\Firewall\NDISFilterDriver\x64\Win8Release\' != '' and ''  == 'true' and ('WDM' == 'Package')).
Target "DriverPackageTarget" skipped, due to false condition; ('$(DriverType)' == 'Package') was evaluated as ('WDM' == 'Package').
Target "CheckForCoinstallers" skipped, due to false condition; (('$(DriverType)' == 'Package') and ('$(EnableInf2cat)' == 'true')) was evaluated as (('WDM' == 'Package') and ('' == 'true')).
Target "BinplaceLinked" skipped, due to false condition; ('@(BinplaceLinked)' != '') was evaluated as ('' != '').
Target "RunNativeCodeAnalysis" skipped, due to false condition; ('$(Language)'=='C++' and '$(RunCodeAnalysisOnThisProject)'=='true') was evaluated as ('C++'=='C++' and ''=='true').
Target "_GenerateSatelliteAssemblyInputs" in file "C:\Program Files (x86)\MSBuild\12.0\bin\Microsoft.Common.CurrentVersion.targets" from project "D:\labs\myFirewall\Firewall\Firewall\NDISFilterDriver\NDISFilterDriver.vcxproj" (target "CreateSatelliteAssemblies" depends on it):
Task "Warning" skipped, due to false condition; ('@(ManifestResourceWithCulture)'!='' and '%(ManifestResourceWithCulture.EmittedForCompatibilityOnly)'=='') was evaluated as (''!='' and ''=='').
Task "Warning" skipped, due to false condition; ('@(ManifestNonResxWithCultureOnDisk)'!='' and '%(ManifestNonResxWithCultureOnDisk.EmittedForCompatibilityOnly)'=='') was evaluated as (''!='' and ''=='').
Done building target "_GenerateSatelliteAssemblyInputs" in project "NDISFilterDriver.vcxproj".
Target "ComputeIntermediateSatelliteAssemblies" skipped, due to false condition; (@(ReferenceSatellitePaths->'%(DestinationSubDirectory)') != '') was evaluated as ( != '').
Target "GenerateSatelliteAssemblies" skipped, due to false condition; ('@(_SatelliteAssemblyResourceInputs)' != '') was evaluated as ('' != '').
Target "CreateSatelliteAssemblies" in file "C:\Program Files (x86)\MSBuild\12.0\bin\Microsoft.Common.CurrentVersion.targets" from project "D:\labs\myFirewall\Firewall\Firewall\NDISFilterDriver\NDISFilterDriver.vcxproj" (target "_BuildLinkAction" depends on it):
Done building target "CreateSatelliteAssemblies" in project "NDISFilterDriver.vcxproj".
Target "_Appverifier" in file "C:\Program Files (x86)\MSBuild\Microsoft.Cpp\v4.0\V120\Microsoft.CppBuild.targets" from project "D:\labs\myFirewall\Firewall\Firewall\NDISFilterDriver\NDISFilterDriver.vcxproj" (target "_BuildLinkAction" depends on it):
Done building target "_Appverifier" in project "NDISFilterDriver.vcxproj".
Target "_Deploy" in file "C:\Program Files (x86)\MSBuild\Microsoft.Cpp\v4.0\V120\Microsoft.CppBuild.targets" from project "D:\labs\myFirewall\Firewall\Firewall\NDISFilterDriver\NDISFilterDriver.vcxproj" (target "_BuildLinkAction" depends on it):
Done building target "_Deploy" in project "NDISFilterDriver.vcxproj".
Target "ComputeIntermediateSatelliteAssemblies" skipped, due to false condition; (@(ReferenceSatellitePaths->'%(DestinationSubDirectory)') != '') was evaluated as ( != '').
Target "_CopyFilesMarkedCopyLocal" skipped, due to false condition; ('@(ReferenceCopyLocalPaths)' != '') was evaluated as ('' != '').
Target "AssignTargetPaths" skipped. Previously built successfully.
Target "_SplitProjectReferencesByFileExistence" skipped. Previously built successfully.
Target "GetCopyToOutputDirectoryXamlAppDefs" in file "C:\Windows\Microsoft.NET\Framework\v4.0.30319\Microsoft.Xaml.targets" from project "D:\labs\myFirewall\Firewall\Firewall\NDISFilterDriver\NDISFilterDriver.vcxproj" (target "GetCopyToOutputDirectoryItems" depends on it):
Task "AssignTargetPath"
Done executing task "AssignTargetPath".
Done building target "GetCopyToOutputDirectoryXamlAppDefs" in project "NDISFilterDriver.vcxproj".
Target "GetCopyToOutputDirectoryItems" in file "C:\Program Files (x86)\MSBuild\12.0\bin\Microsoft.Common.CurrentVersion.targets" from project "D:\labs\myFirewall\Firewall\Firewall\NDISFilterDriver\NDISFilterDriver.vcxproj" (target "_CopySourceItemsToOutputDirectory" depends on it):
Task "MSBuild" skipped, due to false condition; ('@(_MSBuildProjectReferenceExistent)' != '' and '$(_GetChildProjectCopyToOutputDirectoryItems)' == 'true' and '%(_MSBuildProjectReferenceExistent.Private)' != 'false' and '$(UseCommonOutputDirectory)' != 'true') was evaluated as ('' != '' and 'true' == 'true' and '' != 'false' and 'false' != 'true').
Task "AssignTargetPath"
Done executing task "AssignTargetPath".
Done building target "GetCopyToOutputDirectoryItems" in project "NDISFilterDriver.vcxproj".
Target "_CopyOutOfDateSourceItemsToOutputDirectory" skipped, due to false condition; ( '@(_SourceItemsToCopyToOutputDirectory)' != '' ) was evaluated as ( '' != '' ).
Target "_CopyOutOfDateSourceItemsToOutputDirectoryAlways" skipped, due to false condition; ( '@(_SourceItemsToCopyToOutputDirectoryAlways)' != '' ) was evaluated as ( '' != '' ).
Target "_CopySourceItemsToOutputDirectory" in file "C:\Program Files (x86)\MSBuild\12.0\bin\Microsoft.Common.CurrentVersion.targets" from project "D:\labs\myFirewall\Firewall\Firewall\NDISFilterDriver\NDISFilterDriver.vcxproj" (target "CopyFilesToOutputDirectory" depends on it):
Done building target "_CopySourceItemsToOutputDirectory" in project "NDISFilterDriver.vcxproj".
Target "_CopyAppConfigFile" skipped, due to false condition; ( '@(AppConfigWithTargetPath)' != '' ) was evaluated as ( '' != '' ).
Target "_CopyManifestFiles" skipped, due to false condition; ( '$(_DeploymentCopyApplicationManifest)'=='true' or '$(GenerateClickOnceManifests)'=='true' ) was evaluated as ( ''=='true' or ''=='true' ).
Target "_CheckForCompileOutputs" in file "C:\Program Files (x86)\MSBuild\12.0\bin\Microsoft.Common.CurrentVersion.targets" from project "D:\labs\myFirewall\Firewall\Firewall\NDISFilterDriver\NDISFilterDriver.vcxproj" (target "CopyFilesToOutputDirectory" depends on it):
Done building target "_CheckForCompileOutputs" in project "NDISFilterDriver.vcxproj".
Target "_SGenCheckForOutputs" skipped, due to false condition; ('$(_SGenGenerateSerializationAssembliesConfig)' == 'On' or ('@(WebReferenceUrl)'!='' and '$(_SGenGenerateSerializationAssembliesConfig)' == 'Auto')) was evaluated as ('Auto' == 'On' or (''!='' and 'Auto' == 'Auto')).
Target "CopyFilesToOutputDirectory" in file "C:\Program Files (x86)\MSBuild\12.0\bin\Microsoft.Common.CurrentVersion.targets" from project "D:\labs\myFirewall\Firewall\Firewall\NDISFilterDriver\NDISFilterDriver.vcxproj" (target "PrepareForRun" depends on it):
Task "Copy" skipped, due to false condition; ('$(CopyBuildOutputToOutputDirectory)' == 'true' and '$(SkipCopyBuildProduct)' != 'true') was evaluated as ('true' == 'true' and 'true' != 'true').
Task "Message" skipped, due to false condition; ('$(CopyBuildOutputToOutputDirectory)' == 'true' and '$(SkipCopyBuildProduct)'!='true') was evaluated as ('true' == 'true' and 'true'!='true').
Task "Copy" skipped, due to false condition; ('@(AddModules)' != '') was evaluated as ('' != '').
Task "Copy" skipped, due to false condition; ('$(_SGenDllCreated)'=='true') was evaluated as ('false'=='true').
Task "Copy" skipped, due to false condition; ('$(_DebugSymbolsProduced)'=='true' and '$(SkipCopyingSymbolsToOutputDirectory)' != 'true' and '$(CopyOutputSymbolsToOutputDirectory)'=='true') was evaluated as ('false'=='true' and '' != 'true' and 'true'=='true').
Task "Copy" skipped, due to false condition; ('$(_DocumentationFileProduced)'=='true') was evaluated as ('false'=='true').
Task "Copy" skipped, due to false condition; ('@(IntermediateSatelliteAssembliesWithTargetPath)' != '') was evaluated as ('' != '').
Task "Copy" skipped, due to false condition; ('@(ReferenceComWrappersToCopyLocal)' != '' or '@(ResolvedIsolatedComModules)' != '' or '@(_DeploymentLooseManifestFile)' != '' or '@(NativeReferenceFile)' != '' ) was evaluated as ('' != '' or '' != '' or '' != '' or '' != '' ).
Task "Copy" skipped, due to false condition; ('$(SkipCopyWinMDArtifact)' != 'true' and '@(WinMDExpArtifacts)' != '') was evaluated as ('' != 'true' and '' != '').
Task "Message" skipped, due to false condition; ('$(SkipCopyWinMDArtifact)' != 'true' and '$(_WindowsMetadataOutputPath)' != '') was evaluated as ('' != 'true' and '' != '').
Done building target "CopyFilesToOutputDirectory" in project "NDISFilterDriver.vcxproj".
Target "PrepareForRun" in file "C:\Program Files (x86)\MSBuild\12.0\bin\Microsoft.Common.CurrentVersion.targets" from project "D:\labs\myFirewall\Firewall\Firewall\NDISFilterDriver\NDISFilterDriver.vcxproj" (target "_BuildLinkAction" depends on it):
Done building target "PrepareForRun" in project "NDISFilterDriver.vcxproj".
Target "CustomBuildStep" skipped, due to false condition; ('@(CustomBuildStep)' != '' and '$(SelectedFiles)'=='') was evaluated as ('' != '' and ''=='').
Target "PostBuildEvent" in file "C:\Program Files (x86)\MSBuild\Microsoft.Cpp\v4.0\V120\Microsoft.CppCommon.targets" from project "D:\labs\myFirewall\Firewall\Firewall\NDISFilterDriver\NDISFilterDriver.vcxproj" (target "_BuildLinkAction" depends on it):
Task "Message" skipped, due to false condition; ('%(PostBuildEvent.Message)' != '' and '%(PostBuildEvent.Command)' != '') was evaluated as ('' != '' and '' != '').
Task "Exec" skipped, due to false condition; ('%(PostBuildEvent.Command)' != '') was evaluated as ('' != '').
Done building target "PostBuildEvent" in project "NDISFilterDriver.vcxproj".
Target "_BuildLinkAction" in file "C:\Program Files (x86)\MSBuild\Microsoft.Cpp\v4.0\V120\Microsoft.CppBuild.targets" from project "D:\labs\myFirewall\Firewall\Firewall\NDISFilterDriver\NDISFilterDriver.vcxproj" (target "BuildLink" depends on it):
Done building target "_BuildLinkAction" in project "NDISFilterDriver.vcxproj".
Target "BuildLink" in file "C:\Program Files (x86)\MSBuild\12.0\bin\Microsoft.Common.CurrentVersion.targets" from project "D:\labs\myFirewall\Firewall\Firewall\NDISFilterDriver\NDISFilterDriver.vcxproj" (target "Build" depends on it):
Done building target "BuildLink" in project "NDISFilterDriver.vcxproj".
Target "CreateTfsBuildInfoResource" skipped, due to false condition; ( $(AddBuildInfoToAssembly)==true ) was evaluated as ( false==true ).
Target "AfterBuild" in file "C:\Program Files (x86)\MSBuild\Microsoft.Cpp\v4.0\V120\Microsoft.BuildSteps.Targets" from project "D:\labs\myFirewall\Firewall\Firewall\NDISFilterDriver\NDISFilterDriver.vcxproj" (target "Build" depends on it):
Done building target "AfterBuild" in project "NDISFilterDriver.vcxproj".
Target "Deploy" skipped, due to false condition; (('$(DriverType)' == 'Package') and ('$(IsUserModeToolset)'=='true' or '$(IsKernelModeToolset)'=='true')) was evaluated as (('WDM' == 'Package') and (''=='true' or 'true'=='true')).
Target "DriverTestSign" skipped, due to false condition; (('$(SignMode)' == 'TestSign')) was evaluated as (('' == 'TestSign')).
Target "Inf2Cat" skipped, due to false condition; ('@(Inf2Cat)' != '' and '$(EnableInf2cat)'  == 'true' and ('$(DriverType)' == 'Package')) was evaluated as ('D:\labs\myFirewall\Firewall\Firewall\NDISFilterDriver\x64\Win8Release\' != '' and ''  == 'true' and ('WDM' == 'Package')).
Target "DriverPackageTarget" skipped, due to false condition; ('$(DriverType)' == 'Package') was evaluated as ('WDM' == 'Package').
Target "CheckForCoinstallers" skipped, due to false condition; (('$(DriverType)' == 'Package') and ('$(EnableInf2cat)' == 'true')) was evaluated as (('WDM' == 'Package') and ('' == 'true')).
Target "BinplaceLinked" skipped, due to false condition; ('@(BinplaceLinked)' != '') was evaluated as ('' != '').
Target "DriverProductionSign" skipped, due to false condition; (('$(SignMode)' == 'ProductionSign')) was evaluated as (('' == 'ProductionSign')).
Target "Inf2Cat" skipped, due to false condition; ('@(Inf2Cat)' != '' and '$(EnableInf2cat)'  == 'true' and ('$(DriverType)' == 'Package')) was evaluated as ('D:\labs\myFirewall\Firewall\Firewall\NDISFilterDriver\x64\Win8Release\' != '' and ''  == 'true' and ('WDM' == 'Package')).
Target "DriverPackageTarget" skipped, due to false condition; ('$(DriverType)' == 'Package') was evaluated as ('WDM' == 'Package').
Target "CheckForCoinstallers" skipped, due to false condition; (('$(DriverType)' == 'Package') and ('$(EnableInf2cat)' == 'true')) was evaluated as (('WDM' == 'Package') and ('' == 'true')).
Target "BinplaceLinked" skipped, due to false condition; ('@(BinplaceLinked)' != '') was evaluated as ('' != '').
Target "DriverPackageTarget" skipped, due to false condition; ('$(DriverType)' == 'Package') was evaluated as ('WDM' == 'Package').
Target "CheckForCoinstallers" skipped, due to false condition; (('$(DriverType)' == 'Package') and ('$(EnableInf2cat)' == 'true')) was evaluated as (('WDM' == 'Package') and ('' == 'true')).
Target "FinalizeBuildStatus" in file "C:\Program Files (x86)\MSBuild\Microsoft.Cpp\v4.0\V120\Microsoft.CppBuild.targets" from project "D:\labs\myFirewall\Firewall\Firewall\NDISFilterDriver\NDISFilterDriver.vcxproj" (target "Build" depends on it):
Using "Delete" task from assembly "Microsoft.Build.Tasks.v12.0, Version=12.0.0.0, Culture=neutral, PublicKeyToken=b03f5f7f11d50a3a".
Task "Delete"
  Deleting file "x64\Win8Release\NDISFilterDriver.tlog\unsuccessfulbuild".
Done executing task "Delete".
Task "Touch"
  Touching "x64\Win8Release\NDISFilterDriver.tlog\NDISFilterDriver.lastbuildstate".
Done executing task "Touch".
Done building target "FinalizeBuildStatus" in project "NDISFilterDriver.vcxproj".
Target "Build" in file "C:\Program Files (x86)\MSBuild\Microsoft.Cpp\v4.0\V120\Microsoft.BuildSteps.Targets" from project "D:\labs\myFirewall\Firewall\Firewall\NDISFilterDriver\NDISFilterDriver.vcxproj" (entry point):
Done building target "Build" in project "NDISFilterDriver.vcxproj".
Target "DriverPackageTarget" skipped, due to false condition; ('$(DriverType)' == 'Package') was evaluated as ('WDM' == 'Package').
Target "CheckForCoinstallers" skipped, due to false condition; (('$(DriverType)' == 'Package') and ('$(EnableInf2cat)' == 'true')) was evaluated as (('WDM' == 'Package') and ('' == 'true')).
Done Building Project "D:\labs\myFirewall\Firewall\Firewall\NDISFilterDriver\NDISFilterDriver.vcxproj" (build target(s)).

Build succeeded.

"D:\labs\myFirewall\Firewall\Firewall\NDISFilterDriver\NDISFilterDriver.vcxproj" (build target) (1) ->
(ClCompile target) -> 
  filter.c(316): warning C4087: 'NDISFilterDriverRegisterDevice' : declared with 'void' parameter list [D:\labs\myFirewall\Firewall\Firewall\NDISFilterDriver\NDISFilterDriver.vcxproj]
  device.c(22): warning C4027: function declared without formal parameter list [D:\labs\myFirewall\Firewall\Firewall\NDISFilterDriver\NDISFilterDriver.vcxproj]

    2 Warning(s)
    0 Error(s)

Time Elapsed 00:00:01.31
