d:\labs\myfirewall\firewall\firewall\x64\win8debug\ndisfilterdriver.sys
d:\labs\myfirewall\firewall\firewall\ndisfilterdriver\x64\win8debug\ndisfilterdriver.inf
d:\labs\myfirewall\firewall\firewall\ndisfilterdriver\x64\win8debug\ndisfilterdriver.pch
d:\labs\myfirewall\firewall\firewall\ndisfilterdriver\x64\win8debug\vc120.pdb
d:\labs\myfirewall\firewall\firewall\ndisfilterdriver\x64\win8debug\precomp.obj
d:\labs\myfirewall\firewall\firewall\ndisfilterdriver\x64\win8debug\flt_dbg.obj
d:\labs\myfirewall\firewall\firewall\ndisfilterdriver\x64\win8debug\device.obj
d:\labs\myfirewall\firewall\firewall\ndisfilterdriver\x64\win8debug\filter.obj
d:\labs\myfirewall\firewall\firewall\x64\win8debug\ndisfilterdriver.pdb
d:\labs\myfirewall\firewall\firewall\ndisfilterdriver\x64\win8debug\filter.res
d:\labs\myfirewall\firewall\firewall\x64\win8debug\ndisfilterdriver.cer
d:\labs\myfirewall\firewall\firewall\x64\win8debug\ndisfilterdriver.inf
d:\labs\myfirewall\firewall\firewall\ndisfilterdriver\x64\win8debug\signtool.command.1.tlog
d:\labs\myfirewall\firewall\firewall\ndisfilterdriver\x64\win8debug\signtool.read.1.tlog
d:\labs\myfirewall\firewall\firewall\ndisfilterdriver\x64\win8debug\signtool.write.1.tlog
d:\labs\myfirewall\firewall\firewall\ndisfilterdriver\x64\win8debug\stampinf.command.1.tlog
d:\labs\myfirewall\firewall\firewall\ndisfilterdriver\x64\win8debug\stampinf.read.1.tlog
d:\labs\myfirewall\firewall\firewall\ndisfilterdriver\x64\win8debug\stampinf.write.1.tlog
d:\labs\myfirewall\firewall\firewall\ndisfilterdriver\x64\win8debug\ndisfilterdriver.tlog\cl.command.1.tlog
d:\labs\myfirewall\firewall\firewall\ndisfilterdriver\x64\win8debug\ndisfilterdriver.tlog\cl.read.1.tlog
d:\labs\myfirewall\firewall\firewall\ndisfilterdriver\x64\win8debug\ndisfilterdriver.tlog\cl.write.1.tlog
d:\labs\myfirewall\firewall\firewall\ndisfilterdriver\x64\win8debug\ndisfilterdriver.tlog\link.command.1.tlog
d:\labs\myfirewall\firewall\firewall\ndisfilterdriver\x64\win8debug\ndisfilterdriver.tlog\link.read.1.tlog
d:\labs\myfirewall\firewall\firewall\ndisfilterdriver\x64\win8debug\ndisfilterdriver.tlog\link.write.1.tlog
d:\labs\myfirewall\firewall\firewall\ndisfilterdriver\x64\win8debug\ndisfilterdriver.tlog\rc.command.1.tlog
d:\labs\myfirewall\firewall\firewall\ndisfilterdriver\x64\win8debug\ndisfilterdriver.tlog\rc.read.1.tlog
d:\labs\myfirewall\firewall\firewall\ndisfilterdriver\x64\win8debug\ndisfilterdriver.tlog\rc.write.1.tlog
