d:\labs\myfirewall\firewall\firewall\x64\win8debug\ndisfilterdriver package\ndisfilterdriver.cat
d:\labs\myfirewall\firewall\firewall\x64\win8debug\ndisfilterdriverpackage.cer
d:\labs\myfirewall\firewall\firewall\ndisfilterdriver package\x64\win8debug\inf2cat-expand.1004.read.1.tlog
d:\labs\myfirewall\firewall\firewall\ndisfilterdriver package\x64\win8debug\inf2cat-expand.1004.write.1.tlog
d:\labs\myfirewall\firewall\firewall\ndisfilterdriver package\x64\win8debug\inf2cat-expand.10068.read.1.tlog
d:\labs\myfirewall\firewall\firewall\ndisfilterdriver package\x64\win8debug\inf2cat-expand.10068.write.1.tlog
d:\labs\myfirewall\firewall\firewall\ndisfilterdriver package\x64\win8debug\inf2cat-expand.10128.read.1.tlog
d:\labs\myfirewall\firewall\firewall\ndisfilterdriver package\x64\win8debug\inf2cat-expand.10128.write.1.tlog
d:\labs\myfirewall\firewall\firewall\ndisfilterdriver package\x64\win8debug\inf2cat-expand.10168.read.1.tlog
d:\labs\myfirewall\firewall\firewall\ndisfilterdriver package\x64\win8debug\inf2cat-expand.10168.write.1.tlog
d:\labs\myfirewall\firewall\firewall\ndisfilterdriver package\x64\win8debug\inf2cat-expand.10232.read.1.tlog
d:\labs\myfirewall\firewall\firewall\ndisfilterdriver package\x64\win8debug\inf2cat-expand.10232.write.1.tlog
d:\labs\myfirewall\firewall\firewall\ndisfilterdriver package\x64\win8debug\inf2cat-expand.10340.read.1.tlog
d:\labs\myfirewall\firewall\firewall\ndisfilterdriver package\x64\win8debug\inf2cat-expand.10340.write.1.tlog
d:\labs\myfirewall\firewall\firewall\ndisfilterdriver package\x64\win8debug\inf2cat-expand.10388.read.1.tlog
d:\labs\myfirewall\firewall\firewall\ndisfilterdriver package\x64\win8debug\inf2cat-expand.10388.write.1.tlog
d:\labs\myfirewall\firewall\firewall\ndisfilterdriver package\x64\win8debug\inf2cat-expand.10416.read.1.tlog
d:\labs\myfirewall\firewall\firewall\ndisfilterdriver package\x64\win8debug\inf2cat-expand.10416.write.1.tlog
d:\labs\myfirewall\firewall\firewall\ndisfilterdriver package\x64\win8debug\inf2cat-expand.10492.read.1.tlog
d:\labs\myfirewall\firewall\firewall\ndisfilterdriver package\x64\win8debug\inf2cat-expand.10492.write.1.tlog
d:\labs\myfirewall\firewall\firewall\ndisfilterdriver package\x64\win8debug\inf2cat-expand.10668.read.1.tlog
d:\labs\myfirewall\firewall\firewall\ndisfilterdriver package\x64\win8debug\inf2cat-expand.10668.write.1.tlog
d:\labs\myfirewall\firewall\firewall\ndisfilterdriver package\x64\win8debug\inf2cat-expand.10840.read.1.tlog
d:\labs\myfirewall\firewall\firewall\ndisfilterdriver package\x64\win8debug\inf2cat-expand.10840.write.1.tlog
d:\labs\myfirewall\firewall\firewall\ndisfilterdriver package\x64\win8debug\inf2cat-expand.10948.read.1.tlog
d:\labs\myfirewall\firewall\firewall\ndisfilterdriver package\x64\win8debug\inf2cat-expand.10948.write.1.tlog
d:\labs\myfirewall\firewall\firewall\ndisfilterdriver package\x64\win8debug\inf2cat-expand.1116.read.1.tlog
d:\labs\myfirewall\firewall\firewall\ndisfilterdriver package\x64\win8debug\inf2cat-expand.1116.write.1.tlog
d:\labs\myfirewall\firewall\firewall\ndisfilterdriver package\x64\win8debug\inf2cat-expand.2212.read.1.tlog
d:\labs\myfirewall\firewall\firewall\ndisfilterdriver package\x64\win8debug\inf2cat-expand.2212.write.1.tlog
d:\labs\myfirewall\firewall\firewall\ndisfilterdriver package\x64\win8debug\inf2cat-expand.3180.read.1.tlog
d:\labs\myfirewall\firewall\firewall\ndisfilterdriver package\x64\win8debug\inf2cat-expand.3180.write.1.tlog
d:\labs\myfirewall\firewall\firewall\ndisfilterdriver package\x64\win8debug\inf2cat-expand.3536.read.1.tlog
d:\labs\myfirewall\firewall\firewall\ndisfilterdriver package\x64\win8debug\inf2cat-expand.3536.write.1.tlog
d:\labs\myfirewall\firewall\firewall\ndisfilterdriver package\x64\win8debug\inf2cat-expand.3912.read.1.tlog
d:\labs\myfirewall\firewall\firewall\ndisfilterdriver package\x64\win8debug\inf2cat-expand.3912.write.1.tlog
d:\labs\myfirewall\firewall\firewall\ndisfilterdriver package\x64\win8debug\inf2cat-expand.4520.read.1.tlog
d:\labs\myfirewall\firewall\firewall\ndisfilterdriver package\x64\win8debug\inf2cat-expand.4520.write.1.tlog
d:\labs\myfirewall\firewall\firewall\ndisfilterdriver package\x64\win8debug\inf2cat-expand.4564.read.1.tlog
d:\labs\myfirewall\firewall\firewall\ndisfilterdriver package\x64\win8debug\inf2cat-expand.4564.write.1.tlog
d:\labs\myfirewall\firewall\firewall\ndisfilterdriver package\x64\win8debug\inf2cat-expand.4624.read.1.tlog
d:\labs\myfirewall\firewall\firewall\ndisfilterdriver package\x64\win8debug\inf2cat-expand.4624.write.1.tlog
d:\labs\myfirewall\firewall\firewall\ndisfilterdriver package\x64\win8debug\inf2cat-expand.5244.read.1.tlog
d:\labs\myfirewall\firewall\firewall\ndisfilterdriver package\x64\win8debug\inf2cat-expand.5244.write.1.tlog
d:\labs\myfirewall\firewall\firewall\ndisfilterdriver package\x64\win8debug\inf2cat-expand.5324.read.1.tlog
d:\labs\myfirewall\firewall\firewall\ndisfilterdriver package\x64\win8debug\inf2cat-expand.5324.write.1.tlog
d:\labs\myfirewall\firewall\firewall\ndisfilterdriver package\x64\win8debug\inf2cat-expand.5940.read.1.tlog
d:\labs\myfirewall\firewall\firewall\ndisfilterdriver package\x64\win8debug\inf2cat-expand.5940.write.1.tlog
d:\labs\myfirewall\firewall\firewall\ndisfilterdriver package\x64\win8debug\inf2cat-expand.6412.read.1.tlog
d:\labs\myfirewall\firewall\firewall\ndisfilterdriver package\x64\win8debug\inf2cat-expand.6412.write.1.tlog
d:\labs\myfirewall\firewall\firewall\ndisfilterdriver package\x64\win8debug\inf2cat-expand.6536.read.1.tlog
d:\labs\myfirewall\firewall\firewall\ndisfilterdriver package\x64\win8debug\inf2cat-expand.6536.write.1.tlog
d:\labs\myfirewall\firewall\firewall\ndisfilterdriver package\x64\win8debug\inf2cat-expand.6644.read.1.tlog
d:\labs\myfirewall\firewall\firewall\ndisfilterdriver package\x64\win8debug\inf2cat-expand.6644.write.1.tlog
d:\labs\myfirewall\firewall\firewall\ndisfilterdriver package\x64\win8debug\inf2cat-expand.6944.read.1.tlog
d:\labs\myfirewall\firewall\firewall\ndisfilterdriver package\x64\win8debug\inf2cat-expand.6944.write.1.tlog
d:\labs\myfirewall\firewall\firewall\ndisfilterdriver package\x64\win8debug\inf2cat-expand.6964.read.1.tlog
d:\labs\myfirewall\firewall\firewall\ndisfilterdriver package\x64\win8debug\inf2cat-expand.6964.write.1.tlog
d:\labs\myfirewall\firewall\firewall\ndisfilterdriver package\x64\win8debug\inf2cat-expand.7080.read.1.tlog
d:\labs\myfirewall\firewall\firewall\ndisfilterdriver package\x64\win8debug\inf2cat-expand.7080.write.1.tlog
d:\labs\myfirewall\firewall\firewall\ndisfilterdriver package\x64\win8debug\inf2cat-expand.7140.read.1.tlog
d:\labs\myfirewall\firewall\firewall\ndisfilterdriver package\x64\win8debug\inf2cat-expand.7140.write.1.tlog
d:\labs\myfirewall\firewall\firewall\ndisfilterdriver package\x64\win8debug\inf2cat-expand.7420.read.1.tlog
d:\labs\myfirewall\firewall\firewall\ndisfilterdriver package\x64\win8debug\inf2cat-expand.7420.write.1.tlog
d:\labs\myfirewall\firewall\firewall\ndisfilterdriver package\x64\win8debug\inf2cat-expand.7568.read.1.tlog
d:\labs\myfirewall\firewall\firewall\ndisfilterdriver package\x64\win8debug\inf2cat-expand.7568.write.1.tlog
d:\labs\myfirewall\firewall\firewall\ndisfilterdriver package\x64\win8debug\inf2cat-expand.7656.read.1.tlog
d:\labs\myfirewall\firewall\firewall\ndisfilterdriver package\x64\win8debug\inf2cat-expand.7656.write.1.tlog
d:\labs\myfirewall\firewall\firewall\ndisfilterdriver package\x64\win8debug\inf2cat-expand.792.read.1.tlog
d:\labs\myfirewall\firewall\firewall\ndisfilterdriver package\x64\win8debug\inf2cat-expand.792.write.1.tlog
d:\labs\myfirewall\firewall\firewall\ndisfilterdriver package\x64\win8debug\inf2cat-expand.8032.read.1.tlog
d:\labs\myfirewall\firewall\firewall\ndisfilterdriver package\x64\win8debug\inf2cat-expand.8032.write.1.tlog
d:\labs\myfirewall\firewall\firewall\ndisfilterdriver package\x64\win8debug\inf2cat-expand.8232.read.1.tlog
d:\labs\myfirewall\firewall\firewall\ndisfilterdriver package\x64\win8debug\inf2cat-expand.8232.write.1.tlog
d:\labs\myfirewall\firewall\firewall\ndisfilterdriver package\x64\win8debug\inf2cat-expand.8288.read.1.tlog
d:\labs\myfirewall\firewall\firewall\ndisfilterdriver package\x64\win8debug\inf2cat-expand.8288.write.1.tlog
d:\labs\myfirewall\firewall\firewall\ndisfilterdriver package\x64\win8debug\inf2cat-expand.8364.read.1.tlog
d:\labs\myfirewall\firewall\firewall\ndisfilterdriver package\x64\win8debug\inf2cat-expand.8364.write.1.tlog
d:\labs\myfirewall\firewall\firewall\ndisfilterdriver package\x64\win8debug\inf2cat-expand.8416.read.1.tlog
d:\labs\myfirewall\firewall\firewall\ndisfilterdriver package\x64\win8debug\inf2cat-expand.8416.write.1.tlog
d:\labs\myfirewall\firewall\firewall\ndisfilterdriver package\x64\win8debug\inf2cat-expand.8952.read.1.tlog
d:\labs\myfirewall\firewall\firewall\ndisfilterdriver package\x64\win8debug\inf2cat-expand.8952.write.1.tlog
d:\labs\myfirewall\firewall\firewall\ndisfilterdriver package\x64\win8debug\inf2cat-expand.9212.read.1.tlog
d:\labs\myfirewall\firewall\firewall\ndisfilterdriver package\x64\win8debug\inf2cat-expand.9212.write.1.tlog
d:\labs\myfirewall\firewall\firewall\ndisfilterdriver package\x64\win8debug\inf2cat-expand.9268.read.1.tlog
d:\labs\myfirewall\firewall\firewall\ndisfilterdriver package\x64\win8debug\inf2cat-expand.9268.write.1.tlog
d:\labs\myfirewall\firewall\firewall\ndisfilterdriver package\x64\win8debug\inf2cat-expand.9412.read.1.tlog
d:\labs\myfirewall\firewall\firewall\ndisfilterdriver package\x64\win8debug\inf2cat-expand.9412.write.1.tlog
d:\labs\myfirewall\firewall\firewall\ndisfilterdriver package\x64\win8debug\inf2cat-expand.9496.read.1.tlog
d:\labs\myfirewall\firewall\firewall\ndisfilterdriver package\x64\win8debug\inf2cat-expand.9496.write.1.tlog
d:\labs\myfirewall\firewall\firewall\ndisfilterdriver package\x64\win8debug\inf2cat-expand.9528.read.1.tlog
d:\labs\myfirewall\firewall\firewall\ndisfilterdriver package\x64\win8debug\inf2cat-expand.9528.write.1.tlog
d:\labs\myfirewall\firewall\firewall\ndisfilterdriver package\x64\win8debug\inf2cat-expand.9604.read.1.tlog
d:\labs\myfirewall\firewall\firewall\ndisfilterdriver package\x64\win8debug\inf2cat-expand.9604.write.1.tlog
d:\labs\myfirewall\firewall\firewall\ndisfilterdriver package\x64\win8debug\inf2cat-expand.9732.read.1.tlog
d:\labs\myfirewall\firewall\firewall\ndisfilterdriver package\x64\win8debug\inf2cat-expand.9732.write.1.tlog
d:\labs\myfirewall\firewall\firewall\ndisfilterdriver package\x64\win8debug\inf2cat-expand.9740.read.1.tlog
d:\labs\myfirewall\firewall\firewall\ndisfilterdriver package\x64\win8debug\inf2cat-expand.9740.write.1.tlog
d:\labs\myfirewall\firewall\firewall\ndisfilterdriver package\x64\win8debug\inf2cat-expand.9752.read.1.tlog
d:\labs\myfirewall\firewall\firewall\ndisfilterdriver package\x64\win8debug\inf2cat-expand.9752.write.1.tlog
d:\labs\myfirewall\firewall\firewall\ndisfilterdriver package\x64\win8debug\inf2cat-expand.9864.read.1.tlog
d:\labs\myfirewall\firewall\firewall\ndisfilterdriver package\x64\win8debug\inf2cat-expand.9864.write.1.tlog
d:\labs\myfirewall\firewall\firewall\ndisfilterdriver package\x64\win8debug\inf2cat-expand.9920.read.1.tlog
d:\labs\myfirewall\firewall\firewall\ndisfilterdriver package\x64\win8debug\inf2cat-expand.9920.write.1.tlog
d:\labs\myfirewall\firewall\firewall\ndisfilterdriver package\x64\win8debug\inf2cat-expand.9980.read.1.tlog
d:\labs\myfirewall\firewall\firewall\ndisfilterdriver package\x64\win8debug\inf2cat-expand.9980.write.1.tlog
d:\labs\myfirewall\firewall\firewall\ndisfilterdriver package\x64\win8debug\inf2cat-expand.read.1.tlog
d:\labs\myfirewall\firewall\firewall\ndisfilterdriver package\x64\win8debug\inf2cat-expand.write.1.tlog
d:\labs\myfirewall\firewall\firewall\ndisfilterdriver package\x64\win8debug\inf2cat.command.1.tlog
d:\labs\myfirewall\firewall\firewall\ndisfilterdriver package\x64\win8debug\inf2cat.read.1.tlog
d:\labs\myfirewall\firewall\firewall\ndisfilterdriver package\x64\win8debug\inf2cat.read.8.tlog
d:\labs\myfirewall\firewall\firewall\ndisfilterdriver package\x64\win8debug\inf2cat.write.1.tlog
d:\labs\myfirewall\firewall\firewall\ndisfilterdriver package\x64\win8debug\inf2cat.write.8.tlog
d:\labs\myfirewall\firewall\firewall\ndisfilterdriver package\x64\win8debug\signtool.command.1.tlog
d:\labs\myfirewall\firewall\firewall\ndisfilterdriver package\x64\win8debug\signtool.read.1.tlog
d:\labs\myfirewall\firewall\firewall\ndisfilterdriver package\x64\win8debug\signtool.write.1.tlog
