--------- CL ----------
Verifying 8 impls
CL: Constant loop FilterRestart_loop_L32 
CL: Constant loop CheckSentIPv6Header_loop_L18 (annotated)
CL: Constant loop CheckReceiveIPv6Header_loop_L18 (annotated)
Static analysis took 0,38 s
Running Houdini
Inferred 413 contracts
Houdini took 7,55 seconds
Verifying 12 impls
LB: Took 0,51 s
Verifying program while tracking: {alloc, Mem_T.INT4, yogi_error, sdv_irql_previous_2, sdv_irql_previous_3, sdv_irql_previous, sdv_irql_current}

Boogie verification time: 0,71 s
Time spent reading-writing programs: 1,57 s

Time spent checking a program (0): 0,11 s
Time spent checking a path (0): 0,00 s

CLoops Time: 1,10 s
Num refinements: 1
Number of procedures inlined: 2
Final tracked vars: {alloc, Mem_T.INT4, yogi_error, sdv_irql_previous_2, sdv_irql_previous_3, sdv_irql_previous, sdv_irql_current}
Total Time: 11,14 s
No bugs found
Proof computed

