d:\labs\myfirewall\firewall\firewall\x64\win8release\ndisfilterdriver package\ndisfilterdriver.cat
d:\labs\myfirewall\firewall\firewall\ndisfilterdriver package\x64\win8release\inf2cat-expand.1476.read.1.tlog
d:\labs\myfirewall\firewall\firewall\ndisfilterdriver package\x64\win8release\inf2cat-expand.1476.write.1.tlog
d:\labs\myfirewall\firewall\firewall\ndisfilterdriver package\x64\win8release\inf2cat-expand.2888.read.1.tlog
d:\labs\myfirewall\firewall\firewall\ndisfilterdriver package\x64\win8release\inf2cat-expand.2888.write.1.tlog
d:\labs\myfirewall\firewall\firewall\ndisfilterdriver package\x64\win8release\inf2cat-expand.3496.read.1.tlog
d:\labs\myfirewall\firewall\firewall\ndisfilterdriver package\x64\win8release\inf2cat-expand.3496.write.1.tlog
d:\labs\myfirewall\firewall\firewall\ndisfilterdriver package\x64\win8release\inf2cat-expand.3512.read.1.tlog
d:\labs\myfirewall\firewall\firewall\ndisfilterdriver package\x64\win8release\inf2cat-expand.3512.write.1.tlog
d:\labs\myfirewall\firewall\firewall\ndisfilterdriver package\x64\win8release\inf2cat-expand.4500.read.1.tlog
d:\labs\myfirewall\firewall\firewall\ndisfilterdriver package\x64\win8release\inf2cat-expand.4500.write.1.tlog
d:\labs\myfirewall\firewall\firewall\ndisfilterdriver package\x64\win8release\inf2cat-expand.848.read.1.tlog
d:\labs\myfirewall\firewall\firewall\ndisfilterdriver package\x64\win8release\inf2cat-expand.848.write.1.tlog
d:\labs\myfirewall\firewall\firewall\ndisfilterdriver package\x64\win8release\inf2cat-expand.984.read.1.tlog
d:\labs\myfirewall\firewall\firewall\ndisfilterdriver package\x64\win8release\inf2cat-expand.984.write.1.tlog
d:\labs\myfirewall\firewall\firewall\ndisfilterdriver package\x64\win8release\inf2cat-expand.read.1.tlog
d:\labs\myfirewall\firewall\firewall\ndisfilterdriver package\x64\win8release\inf2cat-expand.write.1.tlog
d:\labs\myfirewall\firewall\firewall\ndisfilterdriver package\x64\win8release\inf2cat.command.1.tlog
d:\labs\myfirewall\firewall\firewall\ndisfilterdriver package\x64\win8release\inf2cat.read.1.tlog
d:\labs\myfirewall\firewall\firewall\ndisfilterdriver package\x64\win8release\inf2cat.write.1.tlog
