--------- CL ----------
Verifying 8 impls
CL: Constant loop FilterRestart_loop_L32 
CL: Constant loop CheckSentIPv6Header_loop_L18 (annotated)
CL: Constant loop CheckReceiveIPv6Header_loop_L18 (annotated)
Static analysis took 0,34 s
Running Houdini
Inferred 339 contracts
Houdini took 1,67 seconds
Verifying 12 impls
LB: Took 0,49 s
Verifying program while tracking: {alloc, SLAM_guard_O_0, SLAM_guard_O_0_init, yogi_error, s}

Boogie verification time: 0,67 s
Time spent reading-writing programs: 1,49 s

Time spent checking a program (0): 0,08 s
Time spent checking a path (0): 0,00 s

CLoops Time: 1,08 s
Num refinements: 1
Number of procedures inlined: 1
Final tracked vars: {alloc, SLAM_guard_O_0, SLAM_guard_O_0_init, yogi_error, s}
Total Time: 4,97 s
No bugs found
Proof computed

